2019-10-02T03:56:22.205Z [undefined] error: could not get the genres.
Wed Oct 02 2019 11:56:50 GMT+0800 (Singapore Standard Time) [undefined] error: could not get the genres.
Wed Oct 02 2019 11:58:39 GMT+0800 (Singapore Standard Time) [undefined] error: could not get the genres.
Wed Oct 02 2019 11:59:10 GMT+0800 (Singapore Standard Time) [undefined] error: could not get the genres.
Wed Oct 02 2019 12:02:23 GMT+0800 (Singapore Standard Time) [function createFormatWrap(opts) {
    return new Format(opts);
  }] error: Error
Wed Oct 02 2019 12:02:54 GMT+0800 (Singapore Standard Time) [undefined] error: Error
Wed Oct 02 2019 12:04:05 GMT+0800 (Singapore Standard Time)- error: Error
Wed Oct 02 2019 12:06:12 GMT+0800 (Singapore Standard Time)- error: Error
error: Could not connect to MongoDB...TypeError: Cannot create property 'Symbol(level)' on string 'Connected to MongoDB' {"service":"user-service","label":"[my-label]","timestamp":"2019-10-02 13:35:05"}
error: Could not connect to MongoDB...TypeError: Cannot create property 'Symbol(level)' on string 'Connected to MongoDB' {"service":"user-service","timestamp":"2019-10-02 13:36:20"}
info: Connected to MongoDB {"service":"user-service","timestamp":"2019-10-02 13:38:06"}
info: Connected to MongoDB {"service":"user-service","timestamp":"2019-10-02 13:40:12"}
Wed Oct 02 2019 13:40:24 GMT+0800 (Singapore Standard Time) [undefined] info: Connected to MongoDB
Wed Oct 02 2019 13:40:48 GMT+0800 (Singapore Standard Time) [undefined] info: Connected to MongoDB
{ message: 'Connected to MongoDB',
  level: 'info',
  timestamp: '2019-10-02T05:41:59.865Z' }
{ message: 'Connected to MongoDB',
  level: 'info',
  timestamp: '2019-10-02T05:42:06.929Z' }
{ message: 'Connected to MongoDB',
  level: 'info',
  timestamp: '2019-10-02T05:42:31.388Z' }
Wed Oct 02 2019 13:43:07 GMT+0800 (Singapore Standard Time) [undefined] info: Connected to MongoDB
Wed Oct 02 2019 13:44:16 GMT+0800 (Singapore Standard Time) [VIDLY] info: Connected to MongoDB
Wed Oct 02 2019 13:44:54 GMT+0800 (Singapore Standard Time) [VIDLY] info: Connected to MongoDB
Wed Oct 02 2019 15:13:09 GMT+0800 (Singapore Standard Time) [VIDLY] info: Connected to MongoDB
Wed Oct 02 2019 15:13:41 GMT+0800 (Singapore Standard Time) [VIDLY] info: Listening on port 5000...
Wed Oct 02 2019 15:13:43 GMT+0800 (Singapore Standard Time) [VIDLY] info: Connected to MongoDB
Wed Oct 02 2019 16:59:27 GMT+0800 (Singapore Standard Time) [VIDLY] info: Listening on port 5000...
Wed Oct 02 2019 16:59:29 GMT+0800 (Singapore Standard Time) [VIDLY] info: Connected to MongoDB
Wed Oct 02 2019 17:00:16 GMT+0800 (Singapore Standard Time) [VIDLY] info: Listening on port 5000...
Wed Oct 02 2019 17:00:18 GMT+0800 (Singapore Standard Time) [VIDLY] info: Connected to MongoDB
Mon Oct 07 2019 17:42:33 GMT+0800 (Singapore Standard Time) [VIDLY] info: Listening on port 5000...
Mon Oct 07 2019 17:42:35 GMT+0800 (Singapore Standard Time) [VIDLY] error: Could not connect to mongodb://localhost/vidly...ReferenceError: db is not defined
Mon Oct 07 2019 17:42:50 GMT+0800 (Singapore Standard Time) [VIDLY] info: Listening on port 5000...
Mon Oct 07 2019 17:42:52 GMT+0800 (Singapore Standard Time) [VIDLY] info: Connected to mongodb://localhost/vidly
Tue Oct 08 2019 15:31:28 GMT+0800 (Singapore Standard Time) [VIDLY] info: Listening on port 5000...
Tue Oct 08 2019 15:31:30 GMT+0800 (Singapore Standard Time) [VIDLY] info: Connected to mongodb://localhost/vidly_tests
Tue Oct 08 2019 15:33:29 GMT+0800 (Singapore Standard Time) [VIDLY] info: Listening on port 5000...
Tue Oct 08 2019 15:33:31 GMT+0800 (Singapore Standard Time) [VIDLY] info: Connected to mongodb://localhost/vidly_tests
Tue Oct 08 2019 15:37:42 GMT+0800 (Singapore Standard Time) [VIDLY] info: Listening on port 5000...
Tue Oct 08 2019 15:37:45 GMT+0800 (Singapore Standard Time) [VIDLY] info: Connected to mongodb://localhost/vidly_tests
Tue Oct 08 2019 15:39:14 GMT+0800 (Singapore Standard Time) [VIDLY] info: Listening on port 5000...
Tue Oct 08 2019 15:39:16 GMT+0800 (Singapore Standard Time) [VIDLY] info: Connected to mongodb://localhost/vidly
Tue Oct 08 2019 15:43:55 GMT+0800 (Singapore Standard Time) [VIDLY] info: Listening on port 5000...
Tue Oct 08 2019 15:43:57 GMT+0800 (Singapore Standard Time) [VIDLY] info: Connected to mongodb://localhost/vidly
Tue Oct 08 2019 15:44:19 GMT+0800 (Singapore Standard Time) [VIDLY] info: Listening on port 5000...
Tue Oct 08 2019 15:44:21 GMT+0800 (Singapore Standard Time) [VIDLY] info: Connected to mongodb://localhost/vidly
Tue Oct 08 2019 15:44:42 GMT+0800 (Singapore Standard Time) [VIDLY] info: Listening on port 5000...
Tue Oct 08 2019 15:44:44 GMT+0800 (Singapore Standard Time) [VIDLY] info: Connected to mongodb://localhost/vidly
Tue Oct 08 2019 15:44:53 GMT+0800 (Singapore Standard Time) [VIDLY] info: Listening on port 5000...
Tue Oct 08 2019 15:44:55 GMT+0800 (Singapore Standard Time) [VIDLY] info: Connected to mongodb://localhost/vidly
Tue Oct 08 2019 15:44:59 GMT+0800 (Singapore Standard Time) [VIDLY] info: Listening on port 5000...
Tue Oct 08 2019 15:45:01 GMT+0800 (Singapore Standard Time) [VIDLY] info: Connected to mongodb://localhost/vidly
Tue Oct 08 2019 15:45:36 GMT+0800 (Singapore Standard Time) [VIDLY] info: Listening on port 5000...
Tue Oct 08 2019 15:45:38 GMT+0800 (Singapore Standard Time) [VIDLY] info: Connected to mongodb://localhost/vidly
Tue Oct 08 2019 15:45:56 GMT+0800 (Singapore Standard Time) [VIDLY] info: Listening on port 5000...
Tue Oct 08 2019 15:45:58 GMT+0800 (Singapore Standard Time) [VIDLY] info: Connected to mongodb://localhost/vidly
Tue Oct 08 2019 15:46:23 GMT+0800 (Singapore Standard Time) [VIDLY] info: Listening on port 5000...
Tue Oct 08 2019 15:46:25 GMT+0800 (Singapore Standard Time) [VIDLY] info: Connected to mongodb://localhost/vidly
Tue Oct 08 2019 15:47:19 GMT+0800 (Singapore Standard Time) [VIDLY] info: Listening on port 5000...
Tue Oct 08 2019 15:47:21 GMT+0800 (Singapore Standard Time) [VIDLY] info: Connected to mongodb://localhost/vidly
Tue Oct 08 2019 15:47:43 GMT+0800 (Singapore Standard Time) [VIDLY] info: Listening on port 5000...
Tue Oct 08 2019 15:47:45 GMT+0800 (Singapore Standard Time) [VIDLY] info: Connected to mongodb://localhost/vidly
Tue Oct 08 2019 15:48:00 GMT+0800 (Singapore Standard Time) [VIDLY] info: Listening on port 5000...
Tue Oct 08 2019 15:48:02 GMT+0800 (Singapore Standard Time) [VIDLY] info: Connected to mongodb://localhost/vidly
Tue Oct 08 2019 15:48:23 GMT+0800 (Singapore Standard Time) [VIDLY] info: Listening on port 5000...
Tue Oct 08 2019 15:48:25 GMT+0800 (Singapore Standard Time) [VIDLY] info: Connected to mongodb://localhost/vidly
Tue Oct 08 2019 15:48:50 GMT+0800 (Singapore Standard Time) [VIDLY] info: Listening on port 5000...
Tue Oct 08 2019 15:48:52 GMT+0800 (Singapore Standard Time) [VIDLY] info: Connected to mongodb://localhost/vidly
Tue Oct 08 2019 15:50:33 GMT+0800 (Singapore Standard Time) [VIDLY] info: Listening on port 5000...
Tue Oct 08 2019 15:50:36 GMT+0800 (Singapore Standard Time) [VIDLY] info: Connected to mongodb://localhost/vidly_tests
Tue Oct 08 2019 15:51:35 GMT+0800 (Singapore Standard Time) [VIDLY] info: Listening on port 5000...
Tue Oct 08 2019 15:51:37 GMT+0800 (Singapore Standard Time) [VIDLY] info: Connected to mongodb://localhost/vidly_tests
Tue Oct 08 2019 15:52:02 GMT+0800 (Singapore Standard Time) [VIDLY] info: Listening on port 5000...
Tue Oct 08 2019 15:52:04 GMT+0800 (Singapore Standard Time) [VIDLY] info: Connected to mongodb://localhost/vidly_tests
Tue Oct 08 2019 15:52:44 GMT+0800 (Singapore Standard Time) [VIDLY] info: Listening on port 5000...
Tue Oct 08 2019 15:52:46 GMT+0800 (Singapore Standard Time) [VIDLY] info: Connected to mongodb://localhost/vidly_tests
Tue Oct 08 2019 15:53:27 GMT+0800 (Singapore Standard Time) [VIDLY] info: Listening on port 5000...
Tue Oct 08 2019 15:53:29 GMT+0800 (Singapore Standard Time) [VIDLY] info: Connected to mongodb://localhost/vidly_tests
Tue Oct 08 2019 15:53:54 GMT+0800 (Singapore Standard Time) [VIDLY] info: Listening on port 5000...
Tue Oct 08 2019 15:53:56 GMT+0800 (Singapore Standard Time) [VIDLY] info: Connected to mongodb://localhost/vidly_tests
Tue Oct 08 2019 15:54:30 GMT+0800 (Singapore Standard Time) [VIDLY] info: Listening on port 5000...
Tue Oct 08 2019 15:54:32 GMT+0800 (Singapore Standard Time) [VIDLY] info: Connected to mongodb://localhost/vidly_tests
Tue Oct 08 2019 15:55:59 GMT+0800 (Singapore Standard Time) [VIDLY] info: Listening on port 5000...
Tue Oct 08 2019 15:56:01 GMT+0800 (Singapore Standard Time) [VIDLY] info: Connected to mongodb://localhost/vidly_tests
Tue Oct 08 2019 15:58:34 GMT+0800 (Singapore Standard Time) [VIDLY] info: Listening on port 5000...
Tue Oct 08 2019 15:58:36 GMT+0800 (Singapore Standard Time) [VIDLY] info: Connected to mongodb://localhost/vidly_tests
Tue Oct 08 2019 15:58:38 GMT+0800 (Singapore Standard Time) [VIDLY] error: Cast to ObjectId failed for value "{ _id: 5d9c41aed9ada3362c3d1686, name: \'genre1\' }" at path "_id" for model "Genre"
Tue Oct 08 2019 15:59:14 GMT+0800 (Singapore Standard Time) [VIDLY] info: Listening on port 5000...
Tue Oct 08 2019 15:59:16 GMT+0800 (Singapore Standard Time) [VIDLY] info: Connected to mongodb://localhost/vidly_tests
Tue Oct 08 2019 15:59:18 GMT+0800 (Singapore Standard Time) [VIDLY] error: Cast to ObjectId failed for value "{ _id: 5d9c41d613b5290fa0f6ca6e, name: \'genre1\' }" at path "_id" for model "Genre"
Tue Oct 08 2019 16:01:32 GMT+0800 (Singapore Standard Time) [VIDLY] info: Listening on port 5000...
Tue Oct 08 2019 16:01:34 GMT+0800 (Singapore Standard Time) [VIDLY] info: Connected to mongodb://localhost/vidly_tests
Tue Oct 08 2019 16:01:36 GMT+0800 (Singapore Standard Time) [VIDLY] error: Cast to ObjectId failed for value "undefined" at path "_id" for model "Genre"
Tue Oct 08 2019 16:02:46 GMT+0800 (Singapore Standard Time) [VIDLY] info: Listening on port 5000...
Tue Oct 08 2019 16:02:48 GMT+0800 (Singapore Standard Time) [VIDLY] info: Connected to mongodb://localhost/vidly_tests
Tue Oct 08 2019 16:04:11 GMT+0800 (Singapore Standard Time) [VIDLY] info: Listening on port 5000...
Tue Oct 08 2019 16:04:13 GMT+0800 (Singapore Standard Time) [VIDLY] info: Connected to mongodb://localhost/vidly_tests
Tue Oct 08 2019 16:05:39 GMT+0800 (Singapore Standard Time) [VIDLY] info: Listening on port 5000...
Tue Oct 08 2019 16:05:41 GMT+0800 (Singapore Standard Time) [VIDLY] info: Connected to mongodb://localhost/vidly_tests
Tue Oct 08 2019 16:07:08 GMT+0800 (Singapore Standard Time) [VIDLY] info: Listening on port 5000...
Tue Oct 08 2019 16:07:10 GMT+0800 (Singapore Standard Time) [VIDLY] info: Connected to mongodb://localhost/vidly_tests
Tue Oct 08 2019 16:07:27 GMT+0800 (Singapore Standard Time) [VIDLY] info: Listening on port 5000...
Tue Oct 08 2019 16:07:29 GMT+0800 (Singapore Standard Time) [VIDLY] info: Connected to mongodb://localhost/vidly_tests
Tue Oct 08 2019 16:07:59 GMT+0800 (Singapore Standard Time) [VIDLY] info: Listening on port 5000...
Tue Oct 08 2019 16:08:01 GMT+0800 (Singapore Standard Time) [VIDLY] info: Connected to mongodb://localhost/vidly_tests
Tue Oct 08 2019 16:08:03 GMT+0800 (Singapore Standard Time) [VIDLY] error: Cast to ObjectId failed for value "1" at path "_id" for model "Genre"
Tue Oct 08 2019 16:10:12 GMT+0800 (Singapore Standard Time) [VIDLY] info: Listening on port 5000...
Tue Oct 08 2019 16:10:14 GMT+0800 (Singapore Standard Time) [VIDLY] info: Connected to mongodb://localhost/vidly_tests
Tue Oct 08 2019 16:10:16 GMT+0800 (Singapore Standard Time) [VIDLY] error: mongoose is not defined
Tue Oct 08 2019 16:10:16 GMT+0800 (Singapore Standard Time) [VIDLY] error: mongoose is not defined
Tue Oct 08 2019 16:11:31 GMT+0800 (Singapore Standard Time) [VIDLY] info: Listening on port 5000...
Tue Oct 08 2019 16:11:33 GMT+0800 (Singapore Standard Time) [VIDLY] info: Connected to mongodb://localhost/vidly_tests
Tue Oct 08 2019 16:12:16 GMT+0800 (Singapore Standard Time) [VIDLY] info: Listening on port 5000...
Tue Oct 08 2019 16:12:18 GMT+0800 (Singapore Standard Time) [VIDLY] info: Connected to mongodb://localhost/vidly_tests
Tue Oct 08 2019 16:13:14 GMT+0800 (Singapore Standard Time) [VIDLY] info: Listening on port 5000...
Tue Oct 08 2019 16:13:16 GMT+0800 (Singapore Standard Time) [VIDLY] info: Connected to mongodb://localhost/vidly_tests
Tue Oct 08 2019 16:13:37 GMT+0800 (Singapore Standard Time) [VIDLY] info: Listening on port 5000...
Tue Oct 08 2019 16:13:39 GMT+0800 (Singapore Standard Time) [VIDLY] info: Connected to mongodb://localhost/vidly_tests
Tue Oct 08 2019 16:13:41 GMT+0800 (Singapore Standard Time) [VIDLY] error: Cast to ObjectId failed for value "1" at path "_id" for model "Genre"
Tue Oct 08 2019 16:13:57 GMT+0800 (Singapore Standard Time) [VIDLY] info: Listening on port 5000...
Tue Oct 08 2019 16:13:59 GMT+0800 (Singapore Standard Time) [VIDLY] info: Connected to mongodb://localhost/vidly_tests
Tue Oct 08 2019 16:14:16 GMT+0800 (Singapore Standard Time) [VIDLY] info: Listening on port 5000...
Tue Oct 08 2019 16:14:19 GMT+0800 (Singapore Standard Time) [VIDLY] info: Connected to mongodb://localhost/vidly_tests
Tue Oct 08 2019 16:15:19 GMT+0800 (Singapore Standard Time) [VIDLY] info: Listening on port 5000...
Tue Oct 08 2019 16:15:22 GMT+0800 (Singapore Standard Time) [VIDLY] info: Connected to mongodb://localhost/vidly_tests
Tue Oct 08 2019 16:16:42 GMT+0800 (Singapore Standard Time) [VIDLY] info: Listening on port 5000...
Tue Oct 08 2019 16:16:44 GMT+0800 (Singapore Standard Time) [VIDLY] info: Connected to mongodb://localhost/vidly_tests
Tue Oct 08 2019 16:17:20 GMT+0800 (Singapore Standard Time) [VIDLY] info: Listening on port 5000...
Tue Oct 08 2019 16:17:22 GMT+0800 (Singapore Standard Time) [VIDLY] info: Connected to mongodb://localhost/vidly_tests
Tue Oct 08 2019 16:17:56 GMT+0800 (Singapore Standard Time) [VIDLY] info: Listening on port 5000...
Tue Oct 08 2019 16:17:59 GMT+0800 (Singapore Standard Time) [VIDLY] info: Connected to mongodb://localhost/vidly_tests
Tue Oct 08 2019 16:19:19 GMT+0800 (Singapore Standard Time) [VIDLY] info: Listening on port 5000...
Tue Oct 08 2019 16:19:21 GMT+0800 (Singapore Standard Time) [VIDLY] info: Connected to mongodb://localhost/vidly_tests
Tue Oct 08 2019 16:21:08 GMT+0800 (Singapore Standard Time) [VIDLY] info: Listening on port 5000...
Tue Oct 08 2019 16:21:10 GMT+0800 (Singapore Standard Time) [VIDLY] info: Connected to mongodb://localhost/vidly_tests
Tue Oct 08 2019 16:23:03 GMT+0800 (Singapore Standard Time) [VIDLY] info: Listening on port 5000...
Tue Oct 08 2019 16:23:05 GMT+0800 (Singapore Standard Time) [VIDLY] info: Connected to mongodb://localhost/vidly_tests
Tue Oct 08 2019 16:24:13 GMT+0800 (Singapore Standard Time) [VIDLY] info: Listening on port 5000...
Tue Oct 08 2019 16:24:15 GMT+0800 (Singapore Standard Time) [VIDLY] info: Connected to mongodb://localhost/vidly_tests
Tue Oct 08 2019 16:26:03 GMT+0800 (Singapore Standard Time) [VIDLY] info: Listening on port 5000...
Tue Oct 08 2019 16:26:06 GMT+0800 (Singapore Standard Time) [VIDLY] info: Connected to mongodb://localhost/vidly_tests
Tue Oct 08 2019 16:26:08 GMT+0800 (Singapore Standard Time) [VIDLY] error: Genre validation failed: name: Path `name` (`aaaaaaaaaaaaaaaaaaaaaaaaaaaaaaaaaaaaaaaaaaaaaaaaaaa`) is longer than the maximum allowed length (50).
Tue Oct 08 2019 16:26:37 GMT+0800 (Singapore Standard Time) [VIDLY] info: Listening on port 5000...
Tue Oct 08 2019 16:26:39 GMT+0800 (Singapore Standard Time) [VIDLY] info: Connected to mongodb://localhost/vidly_tests
Tue Oct 08 2019 16:28:20 GMT+0800 (Singapore Standard Time) [VIDLY] info: Listening on port 5000...
Tue Oct 08 2019 16:28:22 GMT+0800 (Singapore Standard Time) [VIDLY] info: Connected to mongodb://localhost/vidly_tests
Tue Oct 08 2019 16:28:45 GMT+0800 (Singapore Standard Time) [VIDLY] info: Listening on port 5000...
Tue Oct 08 2019 16:28:47 GMT+0800 (Singapore Standard Time) [VIDLY] info: Connected to mongodb://localhost/vidly_tests
Tue Oct 08 2019 16:30:33 GMT+0800 (Singapore Standard Time) [VIDLY] info: Listening on port 5000...
Tue Oct 08 2019 16:30:35 GMT+0800 (Singapore Standard Time) [VIDLY] info: Connected to mongodb://localhost/vidly_tests
Tue Oct 08 2019 16:44:49 GMT+0800 (Singapore Standard Time) [VIDLY] info: Listening on port 5000...
Tue Oct 08 2019 16:44:51 GMT+0800 (Singapore Standard Time) [VIDLY] info: Connected to mongodb://localhost/vidly_tests
Tue Oct 08 2019 16:45:31 GMT+0800 (Singapore Standard Time) [VIDLY] info: Listening on port 5000...
Tue Oct 08 2019 16:45:33 GMT+0800 (Singapore Standard Time) [VIDLY] info: Connected to mongodb://localhost/vidly_tests
Tue Oct 08 2019 16:46:30 GMT+0800 (Singapore Standard Time) [VIDLY] info: Listening on port 5000...
Tue Oct 08 2019 16:46:32 GMT+0800 (Singapore Standard Time) [VIDLY] info: Connected to mongodb://localhost/vidly_tests
Tue Oct 08 2019 16:46:52 GMT+0800 (Singapore Standard Time) [VIDLY] info: Listening on port 5000...
Tue Oct 08 2019 16:46:54 GMT+0800 (Singapore Standard Time) [VIDLY] info: Connected to mongodb://localhost/vidly_tests
Tue Oct 08 2019 16:48:04 GMT+0800 (Singapore Standard Time) [VIDLY] info: Listening on port 5000...
Tue Oct 08 2019 16:48:06 GMT+0800 (Singapore Standard Time) [VIDLY] info: Connected to mongodb://localhost/vidly_tests
Tue Oct 08 2019 16:48:30 GMT+0800 (Singapore Standard Time) [VIDLY] info: Listening on port 5000...
Tue Oct 08 2019 16:48:32 GMT+0800 (Singapore Standard Time) [VIDLY] info: Connected to mongodb://localhost/vidly_tests
Tue Oct 08 2019 16:49:43 GMT+0800 (Singapore Standard Time) [VIDLY] info: Listening on port 5000...
Tue Oct 08 2019 16:49:46 GMT+0800 (Singapore Standard Time) [VIDLY] info: Connected to mongodb://localhost/vidly_tests
Tue Oct 08 2019 16:50:06 GMT+0800 (Singapore Standard Time) [VIDLY] info: Listening on port 5000...
Tue Oct 08 2019 16:50:08 GMT+0800 (Singapore Standard Time) [VIDLY] info: Connected to mongodb://localhost/vidly_tests
Tue Oct 08 2019 16:50:45 GMT+0800 (Singapore Standard Time) [VIDLY] info: Listening on port 5000...
Tue Oct 08 2019 16:50:48 GMT+0800 (Singapore Standard Time) [VIDLY] info: Connected to mongodb://localhost/vidly_tests
Tue Oct 08 2019 16:51:20 GMT+0800 (Singapore Standard Time) [VIDLY] info: Listening on port 5000...
Tue Oct 08 2019 16:51:22 GMT+0800 (Singapore Standard Time) [VIDLY] info: Connected to mongodb://localhost/vidly_tests
Tue Oct 08 2019 16:52:03 GMT+0800 (Singapore Standard Time) [VIDLY] info: Listening on port 5000...
Tue Oct 08 2019 16:52:06 GMT+0800 (Singapore Standard Time) [VIDLY] info: Connected to mongodb://localhost/vidly_tests
Tue Oct 08 2019 16:53:15 GMT+0800 (Singapore Standard Time) [VIDLY] info: Listening on port 5000...
Tue Oct 08 2019 16:53:17 GMT+0800 (Singapore Standard Time) [VIDLY] info: Connected to mongodb://localhost/vidly_tests
Tue Oct 08 2019 16:55:43 GMT+0800 (Singapore Standard Time) [VIDLY] info: Listening on port 5000...
Tue Oct 08 2019 16:55:45 GMT+0800 (Singapore Standard Time) [VIDLY] info: Connected to mongodb://localhost/vidly_tests
Tue Oct 08 2019 16:57:09 GMT+0800 (Singapore Standard Time) [VIDLY] info: Listening on port 5000...
Tue Oct 08 2019 16:57:11 GMT+0800 (Singapore Standard Time) [VIDLY] info: Connected to mongodb://localhost/vidly_tests
Tue Oct 08 2019 16:57:56 GMT+0800 (Singapore Standard Time) [VIDLY] info: Listening on port 5000...
Tue Oct 08 2019 16:57:58 GMT+0800 (Singapore Standard Time) [VIDLY] info: Connected to mongodb://localhost/vidly_tests
Tue Oct 08 2019 16:58:59 GMT+0800 (Singapore Standard Time) [VIDLY] info: Listening on port 5000...
Tue Oct 08 2019 16:59:01 GMT+0800 (Singapore Standard Time) [VIDLY] info: Connected to mongodb://localhost/vidly_tests
Tue Oct 08 2019 16:59:28 GMT+0800 (Singapore Standard Time) [VIDLY] info: Listening on port 5000...
Tue Oct 08 2019 16:59:30 GMT+0800 (Singapore Standard Time) [VIDLY] info: Connected to mongodb://localhost/vidly_tests
Tue Oct 08 2019 17:00:01 GMT+0800 (Singapore Standard Time) [VIDLY] info: Listening on port 5000...
Tue Oct 08 2019 17:00:04 GMT+0800 (Singapore Standard Time) [VIDLY] info: Connected to mongodb://localhost/vidly_tests
Tue Oct 08 2019 17:00:35 GMT+0800 (Singapore Standard Time) [VIDLY] info: Listening on port 5000...
Tue Oct 08 2019 17:00:38 GMT+0800 (Singapore Standard Time) [VIDLY] info: Connected to mongodb://localhost/vidly_tests
Tue Oct 08 2019 17:01:20 GMT+0800 (Singapore Standard Time) [VIDLY] info: Listening on port 5000...
Tue Oct 08 2019 17:01:22 GMT+0800 (Singapore Standard Time) [VIDLY] info: Connected to mongodb://localhost/vidly_tests
Tue Oct 08 2019 17:03:19 GMT+0800 (Singapore Standard Time) [VIDLY] info: Listening on port 5000...
Tue Oct 08 2019 17:03:20 GMT+0800 (Singapore Standard Time) [VIDLY] info: Connected to mongodb://localhost/vidly_tests
Tue Oct 08 2019 17:03:21 GMT+0800 (Singapore Standard Time) [VIDLY] info: Connected to mongodb://localhost/vidly_tests
Tue Oct 08 2019 17:04:22 GMT+0800 (Singapore Standard Time) [VIDLY] info: Listening on port 5000...
Tue Oct 08 2019 17:04:24 GMT+0800 (Singapore Standard Time) [VIDLY] info: Connected to mongodb://localhost/vidly_tests
Tue Oct 08 2019 17:05:37 GMT+0800 (Singapore Standard Time) [VIDLY] info: Listening on port 5000...
Tue Oct 08 2019 17:05:37 GMT+0800 (Singapore Standard Time) [VIDLY] info: Listening on port 5000...
Tue Oct 08 2019 17:05:39 GMT+0800 (Singapore Standard Time) [VIDLY] info: Connected to mongodb://localhost/vidly_tests
Tue Oct 08 2019 17:05:40 GMT+0800 (Singapore Standard Time) [VIDLY] info: Connected to mongodb://localhost/vidly_tests
Tue Oct 08 2019 17:06:41 GMT+0800 (Singapore Standard Time) [VIDLY] info: Listening on port 5000...
Tue Oct 08 2019 17:06:42 GMT+0800 (Singapore Standard Time) [VIDLY] info: Listening on port 5000...
Tue Oct 08 2019 17:06:44 GMT+0800 (Singapore Standard Time) [VIDLY] info: Connected to mongodb://localhost/vidly_tests
Tue Oct 08 2019 17:06:44 GMT+0800 (Singapore Standard Time) [VIDLY] info: Connected to mongodb://localhost/vidly_tests
Tue Oct 08 2019 17:07:22 GMT+0800 (Singapore Standard Time) [VIDLY] info: Listening on port 5000...
Tue Oct 08 2019 17:07:23 GMT+0800 (Singapore Standard Time) [VIDLY] info: Listening on port 5000...
Tue Oct 08 2019 17:07:24 GMT+0800 (Singapore Standard Time) [VIDLY] info: Connected to mongodb://localhost/vidly_tests
Tue Oct 08 2019 17:07:25 GMT+0800 (Singapore Standard Time) [VIDLY] info: Connected to mongodb://localhost/vidly_tests
Tue Oct 08 2019 17:08:51 GMT+0800 (Singapore Standard Time) [VIDLY] info: Listening on port 5000...
Tue Oct 08 2019 17:08:52 GMT+0800 (Singapore Standard Time) [VIDLY] info: Listening on port 5000...
Tue Oct 08 2019 17:08:53 GMT+0800 (Singapore Standard Time) [VIDLY] info: Connected to mongodb://localhost/vidly_tests
Tue Oct 08 2019 17:08:54 GMT+0800 (Singapore Standard Time) [VIDLY] info: Connected to mongodb://localhost/vidly_tests
Tue Oct 08 2019 17:10:36 GMT+0800 (Singapore Standard Time) [VIDLY] info: Listening on port 5000...
Tue Oct 08 2019 17:10:36 GMT+0800 (Singapore Standard Time) [VIDLY] info: Listening on port 5000...
Tue Oct 08 2019 17:10:38 GMT+0800 (Singapore Standard Time) [VIDLY] info: Connected to mongodb://localhost/vidly_tests
Tue Oct 08 2019 17:10:38 GMT+0800 (Singapore Standard Time) [VIDLY] info: Connected to mongodb://localhost/vidly_tests
Tue Oct 08 2019 17:11:58 GMT+0800 (Singapore Standard Time) [VIDLY] info: Listening on port 5000...
Tue Oct 08 2019 17:11:59 GMT+0800 (Singapore Standard Time) [VIDLY] info: Listening on port 5000...
Tue Oct 08 2019 17:12:01 GMT+0800 (Singapore Standard Time) [VIDLY] info: Connected to mongodb://localhost/vidly_tests
Tue Oct 08 2019 17:12:01 GMT+0800 (Singapore Standard Time) [VIDLY] info: Connected to mongodb://localhost/vidly_tests
Tue Oct 08 2019 17:12:55 GMT+0800 (Singapore Standard Time) [VIDLY] info: Listening on port 5000...
Tue Oct 08 2019 17:12:55 GMT+0800 (Singapore Standard Time) [VIDLY] info: Listening on port 5000...
Tue Oct 08 2019 17:12:57 GMT+0800 (Singapore Standard Time) [VIDLY] info: Connected to mongodb://localhost/vidly_tests
Tue Oct 08 2019 17:12:58 GMT+0800 (Singapore Standard Time) [VIDLY] info: Connected to mongodb://localhost/vidly_tests
Tue Oct 08 2019 17:13:17 GMT+0800 (Singapore Standard Time) [VIDLY] info: Listening on port 5000...
Tue Oct 08 2019 17:13:17 GMT+0800 (Singapore Standard Time) [VIDLY] info: Listening on port 5000...
Tue Oct 08 2019 17:13:19 GMT+0800 (Singapore Standard Time) [VIDLY] info: Connected to mongodb://localhost/vidly_tests
Tue Oct 08 2019 17:13:19 GMT+0800 (Singapore Standard Time) [VIDLY] info: Connected to mongodb://localhost/vidly_tests
Tue Oct 08 2019 17:14:07 GMT+0800 (Singapore Standard Time) [VIDLY] info: Listening on port 5000...
Tue Oct 08 2019 17:14:09 GMT+0800 (Singapore Standard Time) [VIDLY] info: Listening on port 5000...
Tue Oct 08 2019 17:14:09 GMT+0800 (Singapore Standard Time) [VIDLY] info: Connected to mongodb://localhost/vidly_tests
Tue Oct 08 2019 17:14:11 GMT+0800 (Singapore Standard Time) [VIDLY] info: Connected to mongodb://localhost/vidly_tests
Tue Oct 08 2019 17:14:54 GMT+0800 (Singapore Standard Time) [VIDLY] info: Listening on port 5000...
Tue Oct 08 2019 17:14:54 GMT+0800 (Singapore Standard Time) [VIDLY] info: Listening on port 5000...
Tue Oct 08 2019 17:14:56 GMT+0800 (Singapore Standard Time) [VIDLY] info: Connected to mongodb://localhost/vidly_tests
Tue Oct 08 2019 17:14:56 GMT+0800 (Singapore Standard Time) [VIDLY] info: Connected to mongodb://localhost/vidly_tests
Tue Oct 08 2019 17:15:41 GMT+0800 (Singapore Standard Time) [VIDLY] info: Listening on port 5000...
Tue Oct 08 2019 17:15:42 GMT+0800 (Singapore Standard Time) [VIDLY] info: Listening on port 5000...
Tue Oct 08 2019 17:15:43 GMT+0800 (Singapore Standard Time) [VIDLY] info: Connected to mongodb://localhost/vidly_tests
Tue Oct 08 2019 17:15:44 GMT+0800 (Singapore Standard Time) [VIDLY] info: Connected to mongodb://localhost/vidly_tests
Tue Oct 08 2019 17:16:50 GMT+0800 (Singapore Standard Time) [VIDLY] info: Listening on port 5000...
Tue Oct 08 2019 17:16:51 GMT+0800 (Singapore Standard Time) [VIDLY] info: Listening on port 5000...
Tue Oct 08 2019 17:16:53 GMT+0800 (Singapore Standard Time) [VIDLY] info: Connected to mongodb://localhost/vidly_tests
Tue Oct 08 2019 17:16:53 GMT+0800 (Singapore Standard Time) [VIDLY] info: Connected to mongodb://localhost/vidly_tests
Tue Oct 08 2019 17:17:16 GMT+0800 (Singapore Standard Time) [VIDLY] info: Listening on port 5000...
Tue Oct 08 2019 17:17:16 GMT+0800 (Singapore Standard Time) [VIDLY] info: Listening on port 5000...
Tue Oct 08 2019 17:17:18 GMT+0800 (Singapore Standard Time) [VIDLY] info: Connected to mongodb://localhost/vidly_tests
Tue Oct 08 2019 17:17:18 GMT+0800 (Singapore Standard Time) [VIDLY] info: Connected to mongodb://localhost/vidly_tests
Tue Oct 08 2019 17:17:57 GMT+0800 (Singapore Standard Time) [VIDLY] info: Listening on port 5000...
Tue Oct 08 2019 17:17:57 GMT+0800 (Singapore Standard Time) [VIDLY] info: Listening on port 5000...
Tue Oct 08 2019 17:17:59 GMT+0800 (Singapore Standard Time) [VIDLY] info: Connected to mongodb://localhost/vidly_tests
Tue Oct 08 2019 17:17:59 GMT+0800 (Singapore Standard Time) [VIDLY] info: Connected to mongodb://localhost/vidly_tests
Tue Oct 08 2019 17:18:34 GMT+0800 (Singapore Standard Time) [VIDLY] info: Listening on port 5000...
Tue Oct 08 2019 17:18:35 GMT+0800 (Singapore Standard Time) [VIDLY] info: Listening on port 5000...
Tue Oct 08 2019 17:18:36 GMT+0800 (Singapore Standard Time) [VIDLY] info: Connected to mongodb://localhost/vidly_tests
Tue Oct 08 2019 17:18:37 GMT+0800 (Singapore Standard Time) [VIDLY] info: Connected to mongodb://localhost/vidly_tests
Tue Oct 08 2019 17:19:11 GMT+0800 (Singapore Standard Time) [VIDLY] info: Listening on port 5000...
Tue Oct 08 2019 17:19:12 GMT+0800 (Singapore Standard Time) [VIDLY] info: Listening on port 5000...
Tue Oct 08 2019 17:19:14 GMT+0800 (Singapore Standard Time) [VIDLY] info: Connected to mongodb://localhost/vidly_tests
Tue Oct 08 2019 17:19:14 GMT+0800 (Singapore Standard Time) [VIDLY] info: Connected to mongodb://localhost/vidly_tests
Tue Oct 08 2019 17:21:00 GMT+0800 (Singapore Standard Time) [VIDLY] info: Listening on port 5000...
Tue Oct 08 2019 17:21:01 GMT+0800 (Singapore Standard Time) [VIDLY] info: Listening on port 5000...
Tue Oct 08 2019 17:21:02 GMT+0800 (Singapore Standard Time) [VIDLY] info: Connected to mongodb://localhost/vidly_tests
Tue Oct 08 2019 17:21:03 GMT+0800 (Singapore Standard Time) [VIDLY] info: Connected to mongodb://localhost/vidly_tests
Tue Oct 08 2019 17:22:06 GMT+0800 (Singapore Standard Time) [VIDLY] info: Listening on port 5000...
Tue Oct 08 2019 17:22:06 GMT+0800 (Singapore Standard Time) [VIDLY] info: Listening on port 5000...
Tue Oct 08 2019 17:22:08 GMT+0800 (Singapore Standard Time) [VIDLY] info: Connected to mongodb://localhost/vidly_tests
Tue Oct 08 2019 17:22:08 GMT+0800 (Singapore Standard Time) [VIDLY] info: Connected to mongodb://localhost/vidly_tests
Tue Oct 08 2019 17:22:44 GMT+0800 (Singapore Standard Time) [VIDLY] info: Listening on port 5000...
Tue Oct 08 2019 17:22:45 GMT+0800 (Singapore Standard Time) [VIDLY] info: Listening on port 5000...
Tue Oct 08 2019 17:22:46 GMT+0800 (Singapore Standard Time) [VIDLY] info: Connected to mongodb://localhost/vidly_tests
Tue Oct 08 2019 17:22:47 GMT+0800 (Singapore Standard Time) [VIDLY] info: Connected to mongodb://localhost/vidly_tests
Tue Oct 08 2019 17:23:23 GMT+0800 (Singapore Standard Time) [VIDLY] info: Listening on port 5000...
Tue Oct 08 2019 17:23:23 GMT+0800 (Singapore Standard Time) [VIDLY] info: Listening on port 5000...
Tue Oct 08 2019 17:23:25 GMT+0800 (Singapore Standard Time) [VIDLY] info: Connected to mongodb://localhost/vidly_tests
Tue Oct 08 2019 17:23:25 GMT+0800 (Singapore Standard Time) [VIDLY] info: Connected to mongodb://localhost/vidly_tests
Tue Oct 08 2019 17:25:00 GMT+0800 (Singapore Standard Time) [VIDLY] info: Listening on port 5000...
Tue Oct 08 2019 17:25:01 GMT+0800 (Singapore Standard Time) [VIDLY] info: Listening on port 5000...
Tue Oct 08 2019 17:25:03 GMT+0800 (Singapore Standard Time) [VIDLY] info: Connected to mongodb://localhost/vidly_tests
Tue Oct 08 2019 17:25:03 GMT+0800 (Singapore Standard Time) [VIDLY] info: Connected to mongodb://localhost/vidly_tests
Tue Oct 08 2019 17:25:58 GMT+0800 (Singapore Standard Time) [VIDLY] info: Listening on port 5000...
Tue Oct 08 2019 17:26:00 GMT+0800 (Singapore Standard Time) [VIDLY] info: Connected to mongodb://localhost/vidly_tests
Tue Oct 08 2019 17:26:43 GMT+0800 (Singapore Standard Time) [VIDLY] info: Listening on port 5000...
Tue Oct 08 2019 17:26:45 GMT+0800 (Singapore Standard Time) [VIDLY] info: Connected to mongodb://localhost/vidly_tests
Tue Oct 08 2019 17:27:22 GMT+0800 (Singapore Standard Time) [VIDLY] info: Listening on port 5000...
Tue Oct 08 2019 17:27:24 GMT+0800 (Singapore Standard Time) [VIDLY] info: Connected to mongodb://localhost/vidly_tests
Tue Oct 08 2019 17:27:24 GMT+0800 (Singapore Standard Time) [VIDLY] info: Connected to mongodb://localhost/vidly_tests
Tue Oct 08 2019 17:27:24 GMT+0800 (Singapore Standard Time) [VIDLY] info: Listening on port 5000...
Tue Oct 08 2019 17:28:10 GMT+0800 (Singapore Standard Time) [VIDLY] info: Listening on port 5000...
Tue Oct 08 2019 17:28:12 GMT+0800 (Singapore Standard Time) [VIDLY] info: Connected to mongodb://localhost/vidly_tests
Tue Oct 08 2019 17:28:37 GMT+0800 (Singapore Standard Time) [VIDLY] info: Listening on port 5000...
Tue Oct 08 2019 17:28:39 GMT+0800 (Singapore Standard Time) [VIDLY] info: Connected to mongodb://localhost/vidly_tests
Tue Oct 08 2019 17:28:39 GMT+0800 (Singapore Standard Time) [VIDLY] info: Connected to mongodb://localhost/vidly_tests
Tue Oct 08 2019 17:28:39 GMT+0800 (Singapore Standard Time) [VIDLY] info: Listening on port 5000...
Tue Oct 08 2019 17:29:47 GMT+0800 (Singapore Standard Time) [VIDLY] info: Listening on port 5000...
Tue Oct 08 2019 17:29:48 GMT+0800 (Singapore Standard Time) [VIDLY] info: Listening on port 5000...
Tue Oct 08 2019 17:29:49 GMT+0800 (Singapore Standard Time) [VIDLY] info: Connected to mongodb://localhost/vidly_tests
Tue Oct 08 2019 17:29:50 GMT+0800 (Singapore Standard Time) [VIDLY] info: Connected to mongodb://localhost/vidly_tests
Tue Oct 08 2019 17:33:38 GMT+0800 (Singapore Standard Time) [VIDLY] info: Listening on port 5000...
Tue Oct 08 2019 17:33:40 GMT+0800 (Singapore Standard Time) [VIDLY] info: Connected to mongodb://localhost/vidly_tests
Tue Oct 08 2019 17:33:40 GMT+0800 (Singapore Standard Time) [VIDLY] info: Connected to mongodb://localhost/vidly_tests
Tue Oct 08 2019 17:33:40 GMT+0800 (Singapore Standard Time) [VIDLY] info: Listening on port 5000...
Tue Oct 08 2019 17:35:33 GMT+0800 (Singapore Standard Time) [VIDLY] info: Listening on port 5000...
Tue Oct 08 2019 17:35:35 GMT+0800 (Singapore Standard Time) [VIDLY] info: Connected to mongodb://localhost/vidly_tests
Tue Oct 08 2019 17:35:35 GMT+0800 (Singapore Standard Time) [VIDLY] info: Connected to mongodb://localhost/vidly_tests
Tue Oct 08 2019 17:35:35 GMT+0800 (Singapore Standard Time) [VIDLY] info: Listening on port 5000...
Tue Oct 08 2019 17:36:16 GMT+0800 (Singapore Standard Time) [VIDLY] info: Listening on port 5000...
Tue Oct 08 2019 17:36:16 GMT+0800 (Singapore Standard Time) [VIDLY] info: Listening on port 5000...
Tue Oct 08 2019 17:36:18 GMT+0800 (Singapore Standard Time) [VIDLY] info: Connected to mongodb://localhost/vidly_tests
Tue Oct 08 2019 17:36:18 GMT+0800 (Singapore Standard Time) [VIDLY] info: Connected to mongodb://localhost/vidly_tests
Tue Oct 08 2019 17:36:47 GMT+0800 (Singapore Standard Time) [VIDLY] info: Connected to mongodb://localhost/vidly_tests
Tue Oct 08 2019 17:36:49 GMT+0800 (Singapore Standard Time) [VIDLY] info: Connected to mongodb://localhost/vidly_tests
Tue Oct 08 2019 17:39:11 GMT+0800 (Singapore Standard Time) [VIDLY] info: Connected to mongodb://localhost/vidly_tests
Tue Oct 08 2019 17:39:11 GMT+0800 (Singapore Standard Time) [VIDLY] info: Connected to mongodb://localhost/vidly_tests
Tue Oct 08 2019 17:39:36 GMT+0800 (Singapore Standard Time) [VIDLY] info: Connected to mongodb://localhost/vidly_tests
Tue Oct 08 2019 17:39:37 GMT+0800 (Singapore Standard Time) [VIDLY] info: Connected to mongodb://localhost/vidly_tests
Tue Oct 08 2019 17:40:13 GMT+0800 (Singapore Standard Time) [VIDLY] info: Listening on port 5000...
Tue Oct 08 2019 17:42:11 GMT+0800 (Singapore Standard Time) [VIDLY] info: Listening on port 5000...
Tue Oct 08 2019 17:42:13 GMT+0800 (Singapore Standard Time) [VIDLY] info: Connected to mongodb://localhost/vidly_tests
Tue Oct 08 2019 17:42:15 GMT+0800 (Singapore Standard Time) [VIDLY] info: Listening on port 5000...
Tue Oct 08 2019 17:42:17 GMT+0800 (Singapore Standard Time) [VIDLY] info: Connected to mongodb://localhost/vidly_tests
Wed Oct 09 2019 09:55:29 GMT+0800 (Singapore Standard Time) [VIDLY] info: Listening on port 5000...
Wed Oct 09 2019 09:55:31 GMT+0800 (Singapore Standard Time) [VIDLY] info: Connected to mongodb://localhost/vidly_tests
Wed Oct 09 2019 09:55:36 GMT+0800 (Singapore Standard Time) [VIDLY] info: Listening on port 5000...
Wed Oct 09 2019 09:55:38 GMT+0800 (Singapore Standard Time) [VIDLY] info: Connected to mongodb://localhost/vidly_tests
Wed Oct 09 2019 09:56:00 GMT+0800 (Singapore Standard Time) [VIDLY] info: Listening on port 5000...
Wed Oct 09 2019 09:56:02 GMT+0800 (Singapore Standard Time) [VIDLY] info: Connected to mongodb://localhost/vidly_tests
Wed Oct 09 2019 09:56:05 GMT+0800 (Singapore Standard Time) [VIDLY] info: Listening on port 5000...
Wed Oct 09 2019 09:56:07 GMT+0800 (Singapore Standard Time) [VIDLY] info: Connected to mongodb://localhost/vidly_tests
Wed Oct 09 2019 09:57:13 GMT+0800 (Singapore Standard Time) [VIDLY] info: Listening on port 5000...
Wed Oct 09 2019 09:57:15 GMT+0800 (Singapore Standard Time) [VIDLY] info: Connected to mongodb://localhost/vidly_tests
Wed Oct 09 2019 09:57:18 GMT+0800 (Singapore Standard Time) [VIDLY] info: Listening on port 5000...
Wed Oct 09 2019 09:57:20 GMT+0800 (Singapore Standard Time) [VIDLY] info: Connected to mongodb://localhost/vidly_tests
Wed Oct 09 2019 09:57:44 GMT+0800 (Singapore Standard Time) [VIDLY] info: Listening on port 5000...
Wed Oct 09 2019 09:57:46 GMT+0800 (Singapore Standard Time) [VIDLY] info: Connected to mongodb://localhost/vidly_tests
Wed Oct 09 2019 09:57:49 GMT+0800 (Singapore Standard Time) [VIDLY] info: Listening on port 5000...
Wed Oct 09 2019 09:57:52 GMT+0800 (Singapore Standard Time) [VIDLY] info: Connected to mongodb://localhost/vidly_tests
Wed Oct 09 2019 09:58:41 GMT+0800 (Singapore Standard Time) [VIDLY] info: Listening on port 5000...
Wed Oct 09 2019 09:58:44 GMT+0800 (Singapore Standard Time) [VIDLY] info: Connected to mongodb://localhost/vidly_tests
Wed Oct 09 2019 09:58:48 GMT+0800 (Singapore Standard Time) [VIDLY] info: Listening on port 5000...
Wed Oct 09 2019 09:58:51 GMT+0800 (Singapore Standard Time) [VIDLY] info: Connected to mongodb://localhost/vidly_tests
Mon Oct 14 2019 13:51:51 GMT+0800 (Singapore Standard Time) [VIDLY] info: Listening on port 5000...
Mon Oct 14 2019 13:51:54 GMT+0800 (Singapore Standard Time) [VIDLY] info: Connected to mongodb://localhost/vidly_tests
Mon Oct 14 2019 13:51:58 GMT+0800 (Singapore Standard Time) [VIDLY] info: Listening on port 5000...
Mon Oct 14 2019 13:52:01 GMT+0800 (Singapore Standard Time) [VIDLY] info: Connected to mongodb://localhost/vidly_tests
Mon Oct 14 2019 13:57:12 GMT+0800 (Singapore Standard Time) [VIDLY] info: Listening on port 5000...
Mon Oct 14 2019 13:57:14 GMT+0800 (Singapore Standard Time) [VIDLY] info: Connected to mongodb://localhost/vidly_tests
Mon Oct 14 2019 13:57:18 GMT+0800 (Singapore Standard Time) [VIDLY] info: Listening on port 5000...
Mon Oct 14 2019 13:57:20 GMT+0800 (Singapore Standard Time) [VIDLY] info: Connected to mongodb://localhost/vidly_tests
Mon Oct 14 2019 13:59:07 GMT+0800 (Singapore Standard Time) [VIDLY] info: Listening on port 5000...
Mon Oct 14 2019 13:59:09 GMT+0800 (Singapore Standard Time) [VIDLY] info: Connected to mongodb://localhost/vidly_tests
Mon Oct 14 2019 13:59:12 GMT+0800 (Singapore Standard Time) [VIDLY] info: Listening on port 5000...
Mon Oct 14 2019 13:59:14 GMT+0800 (Singapore Standard Time) [VIDLY] info: Connected to mongodb://localhost/vidly_tests
Mon Oct 14 2019 14:01:28 GMT+0800 (Singapore Standard Time) [VIDLY] info: Listening on port 5000...
Mon Oct 14 2019 14:01:30 GMT+0800 (Singapore Standard Time) [VIDLY] info: Connected to mongodb://localhost/vidly_tests
Mon Oct 14 2019 14:01:38 GMT+0800 (Singapore Standard Time) [VIDLY] info: Listening on port 5000...
Mon Oct 14 2019 14:01:40 GMT+0800 (Singapore Standard Time) [VIDLY] info: Connected to mongodb://localhost/vidly_tests
Mon Oct 14 2019 14:01:44 GMT+0800 (Singapore Standard Time) [VIDLY] info: Listening on port 5000...
Mon Oct 14 2019 14:01:46 GMT+0800 (Singapore Standard Time) [VIDLY] info: Connected to mongodb://localhost/vidly_tests
Mon Oct 14 2019 14:02:04 GMT+0800 (Singapore Standard Time) [VIDLY] info: Listening on port 5000...
Mon Oct 14 2019 14:02:06 GMT+0800 (Singapore Standard Time) [VIDLY] info: Connected to mongodb://localhost/vidly_tests
Mon Oct 14 2019 14:02:09 GMT+0800 (Singapore Standard Time) [VIDLY] info: Listening on port 5000...
Mon Oct 14 2019 14:02:11 GMT+0800 (Singapore Standard Time) [VIDLY] info: Connected to mongodb://localhost/vidly_tests
Mon Oct 14 2019 14:02:31 GMT+0800 (Singapore Standard Time) [VIDLY] info: Listening on port 5000...
Mon Oct 14 2019 14:02:33 GMT+0800 (Singapore Standard Time) [VIDLY] info: Connected to mongodb://localhost/vidly_tests
Mon Oct 14 2019 14:02:36 GMT+0800 (Singapore Standard Time) [VIDLY] info: Listening on port 5000...
Mon Oct 14 2019 14:02:38 GMT+0800 (Singapore Standard Time) [VIDLY] info: Connected to mongodb://localhost/vidly_tests
Mon Oct 14 2019 14:04:35 GMT+0800 (Singapore Standard Time) [VIDLY] info: Listening on port 5000...
Mon Oct 14 2019 14:04:37 GMT+0800 (Singapore Standard Time) [VIDLY] info: Connected to mongodb://localhost/vidly_tests
Mon Oct 14 2019 14:04:41 GMT+0800 (Singapore Standard Time) [VIDLY] info: Listening on port 5000...
Mon Oct 14 2019 14:04:43 GMT+0800 (Singapore Standard Time) [VIDLY] info: Connected to mongodb://localhost/vidly_tests
Mon Oct 14 2019 14:07:07 GMT+0800 (Singapore Standard Time) [VIDLY] info: Listening on port 5000...
Mon Oct 14 2019 14:07:09 GMT+0800 (Singapore Standard Time) [VIDLY] info: Connected to mongodb://localhost/vidly_tests
Mon Oct 14 2019 14:07:12 GMT+0800 (Singapore Standard Time) [VIDLY] error: Cast to ObjectId failed for value "1" at path "_id" for model "Genre"
Mon Oct 14 2019 14:07:13 GMT+0800 (Singapore Standard Time) [VIDLY] info: Listening on port 5000...
Mon Oct 14 2019 14:07:15 GMT+0800 (Singapore Standard Time) [VIDLY] info: Connected to mongodb://localhost/vidly_tests
Mon Oct 14 2019 14:11:59 GMT+0800 (Singapore Standard Time) [VIDLY] info: Listening on port 5000...
Mon Oct 14 2019 14:12:01 GMT+0800 (Singapore Standard Time) [VIDLY] info: Connected to mongodb://localhost/vidly_tests
Mon Oct 14 2019 14:12:04 GMT+0800 (Singapore Standard Time) [VIDLY] info: Listening on port 5000...
Mon Oct 14 2019 14:12:06 GMT+0800 (Singapore Standard Time) [VIDLY] info: Connected to mongodb://localhost/vidly_tests
Mon Oct 14 2019 14:12:37 GMT+0800 (Singapore Standard Time) [VIDLY] info: Listening on port 5000...
Mon Oct 14 2019 14:12:39 GMT+0800 (Singapore Standard Time) [VIDLY] info: Connected to mongodb://localhost/vidly_tests
Mon Oct 14 2019 14:12:42 GMT+0800 (Singapore Standard Time) [VIDLY] error: Cast to ObjectId failed for value "1" at path "_id" for model "Genre"
Mon Oct 14 2019 14:12:43 GMT+0800 (Singapore Standard Time) [VIDLY] info: Listening on port 5000...
Mon Oct 14 2019 14:12:46 GMT+0800 (Singapore Standard Time) [VIDLY] info: Connected to mongodb://localhost/vidly_tests
Mon Oct 14 2019 14:13:13 GMT+0800 (Singapore Standard Time) [VIDLY] info: Listening on port 5000...
Mon Oct 14 2019 14:13:15 GMT+0800 (Singapore Standard Time) [VIDLY] info: Connected to mongodb://localhost/vidly_tests
Mon Oct 14 2019 14:13:20 GMT+0800 (Singapore Standard Time) [VIDLY] info: Listening on port 5000...
Mon Oct 14 2019 14:13:22 GMT+0800 (Singapore Standard Time) [VIDLY] info: Connected to mongodb://localhost/vidly_tests
Mon Oct 14 2019 14:29:36 GMT+0800 (Singapore Standard Time) [VIDLY] info: Listening on port 5000...
Mon Oct 14 2019 14:29:38 GMT+0800 (Singapore Standard Time) [VIDLY] info: Connected to mongodb://localhost/vidly_tests
Mon Oct 14 2019 14:29:42 GMT+0800 (Singapore Standard Time) [VIDLY] info: Listening on port 5000...
Mon Oct 14 2019 14:29:44 GMT+0800 (Singapore Standard Time) [VIDLY] info: Connected to mongodb://localhost/vidly_tests
Mon Oct 14 2019 14:30:35 GMT+0800 (Singapore Standard Time) [VIDLY] info: Listening on port 5000...
Mon Oct 14 2019 14:30:37 GMT+0800 (Singapore Standard Time) [VIDLY] info: Connected to mongodb://localhost/vidly_tests
Mon Oct 14 2019 14:30:41 GMT+0800 (Singapore Standard Time) [VIDLY] info: Listening on port 5000...
Mon Oct 14 2019 14:30:43 GMT+0800 (Singapore Standard Time) [VIDLY] info: Connected to mongodb://localhost/vidly_tests
Mon Oct 14 2019 14:31:39 GMT+0800 (Singapore Standard Time) [VIDLY] info: Listening on port 5000...
Mon Oct 14 2019 14:31:41 GMT+0800 (Singapore Standard Time) [VIDLY] info: Connected to mongodb://localhost/vidly_tests
Mon Oct 14 2019 14:31:45 GMT+0800 (Singapore Standard Time) [VIDLY] info: Listening on port 5000...
Mon Oct 14 2019 14:31:47 GMT+0800 (Singapore Standard Time) [VIDLY] info: Connected to mongodb://localhost/vidly_tests
Mon Oct 14 2019 14:31:58 GMT+0800 (Singapore Standard Time) [VIDLY] info: Listening on port 5000...
Mon Oct 14 2019 14:32:00 GMT+0800 (Singapore Standard Time) [VIDLY] info: Connected to mongodb://localhost/vidly_tests
Mon Oct 14 2019 14:32:05 GMT+0800 (Singapore Standard Time) [VIDLY] info: Listening on port 5000...
Mon Oct 14 2019 14:32:07 GMT+0800 (Singapore Standard Time) [VIDLY] info: Connected to mongodb://localhost/vidly_tests
Mon Oct 14 2019 14:32:48 GMT+0800 (Singapore Standard Time) [VIDLY] info: Listening on port 5000...
Mon Oct 14 2019 14:32:50 GMT+0800 (Singapore Standard Time) [VIDLY] info: Connected to mongodb://localhost/vidly_tests
Mon Oct 14 2019 14:32:53 GMT+0800 (Singapore Standard Time) [VIDLY] info: Listening on port 5000...
Mon Oct 14 2019 14:32:55 GMT+0800 (Singapore Standard Time) [VIDLY] info: Connected to mongodb://localhost/vidly_tests
Mon Oct 14 2019 14:38:03 GMT+0800 (Singapore Standard Time) [VIDLY] info: Listening on port 5000...
Mon Oct 14 2019 14:38:05 GMT+0800 (Singapore Standard Time) [VIDLY] info: Connected to mongodb://localhost/vidly_tests
Mon Oct 14 2019 14:38:09 GMT+0800 (Singapore Standard Time) [VIDLY] info: Listening on port 5000...
Mon Oct 14 2019 14:38:11 GMT+0800 (Singapore Standard Time) [VIDLY] info: Connected to mongodb://localhost/vidly_tests
Mon Oct 14 2019 14:38:49 GMT+0800 (Singapore Standard Time) [VIDLY] info: Listening on port 5000...
Mon Oct 14 2019 14:38:51 GMT+0800 (Singapore Standard Time) [VIDLY] info: Connected to mongodb://localhost/vidly_tests
Mon Oct 14 2019 14:38:54 GMT+0800 (Singapore Standard Time) [VIDLY] info: Listening on port 5000...
Mon Oct 14 2019 14:38:57 GMT+0800 (Singapore Standard Time) [VIDLY] info: Connected to mongodb://localhost/vidly_tests
Mon Oct 14 2019 14:39:51 GMT+0800 (Singapore Standard Time) [VIDLY] info: Listening on port 5000...
Mon Oct 14 2019 14:39:53 GMT+0800 (Singapore Standard Time) [VIDLY] info: Connected to mongodb://localhost/vidly_tests
Mon Oct 14 2019 14:39:58 GMT+0800 (Singapore Standard Time) [VIDLY] info: Listening on port 5000...
Mon Oct 14 2019 14:40:00 GMT+0800 (Singapore Standard Time) [VIDLY] info: Connected to mongodb://localhost/vidly_tests
Mon Oct 14 2019 14:40:58 GMT+0800 (Singapore Standard Time) [VIDLY] info: Listening on port 5000...
Mon Oct 14 2019 14:41:00 GMT+0800 (Singapore Standard Time) [VIDLY] info: Connected to mongodb://localhost/vidly_tests
Mon Oct 14 2019 14:41:05 GMT+0800 (Singapore Standard Time) [VIDLY] info: Listening on port 5000...
Mon Oct 14 2019 14:41:08 GMT+0800 (Singapore Standard Time) [VIDLY] info: Connected to mongodb://localhost/vidly_tests
Mon Oct 14 2019 14:41:20 GMT+0800 (Singapore Standard Time) [VIDLY] info: Listening on port 5000...
Mon Oct 14 2019 14:41:22 GMT+0800 (Singapore Standard Time) [VIDLY] info: Connected to mongodb://localhost/vidly_tests
Mon Oct 14 2019 14:41:27 GMT+0800 (Singapore Standard Time) [VIDLY] info: Listening on port 5000...
Mon Oct 14 2019 14:41:29 GMT+0800 (Singapore Standard Time) [VIDLY] info: Connected to mongodb://localhost/vidly_tests
Mon Oct 14 2019 14:41:33 GMT+0800 (Singapore Standard Time) [VIDLY] info: Listening on port 5000...
Mon Oct 14 2019 14:41:35 GMT+0800 (Singapore Standard Time) [VIDLY] info: Connected to mongodb://localhost/vidly_tests
Mon Oct 14 2019 14:43:44 GMT+0800 (Singapore Standard Time) [VIDLY] info: Listening on port 5000...
Mon Oct 14 2019 14:43:46 GMT+0800 (Singapore Standard Time) [VIDLY] info: Connected to mongodb://localhost/vidly_tests
Mon Oct 14 2019 14:43:50 GMT+0800 (Singapore Standard Time) [VIDLY] info: Listening on port 5000...
Mon Oct 14 2019 14:43:52 GMT+0800 (Singapore Standard Time) [VIDLY] info: Connected to mongodb://localhost/vidly_tests
Mon Oct 14 2019 14:43:55 GMT+0800 (Singapore Standard Time) [VIDLY] info: Listening on port 5000...
Mon Oct 14 2019 14:43:57 GMT+0800 (Singapore Standard Time) [VIDLY] info: Connected to mongodb://localhost/vidly_tests
Mon Oct 14 2019 14:44:39 GMT+0800 (Singapore Standard Time) [VIDLY] info: Listening on port 5000...
Mon Oct 14 2019 14:44:41 GMT+0800 (Singapore Standard Time) [VIDLY] info: Connected to mongodb://localhost/vidly_tests
Mon Oct 14 2019 14:44:44 GMT+0800 (Singapore Standard Time) [VIDLY] info: Listening on port 5000...
Mon Oct 14 2019 14:44:46 GMT+0800 (Singapore Standard Time) [VIDLY] info: Connected to mongodb://localhost/vidly_tests
Mon Oct 14 2019 14:44:49 GMT+0800 (Singapore Standard Time) [VIDLY] info: Listening on port 5000...
Mon Oct 14 2019 14:44:51 GMT+0800 (Singapore Standard Time) [VIDLY] info: Connected to mongodb://localhost/vidly_tests
Mon Oct 14 2019 14:45:23 GMT+0800 (Singapore Standard Time) [VIDLY] info: Listening on port 5000...
Mon Oct 14 2019 14:45:25 GMT+0800 (Singapore Standard Time) [VIDLY] info: Connected to mongodb://localhost/vidly_tests
Mon Oct 14 2019 14:45:29 GMT+0800 (Singapore Standard Time) [VIDLY] info: Listening on port 5000...
Mon Oct 14 2019 14:45:31 GMT+0800 (Singapore Standard Time) [VIDLY] info: Connected to mongodb://localhost/vidly_tests
Mon Oct 14 2019 14:45:33 GMT+0800 (Singapore Standard Time) [VIDLY] info: Listening on port 5000...
Mon Oct 14 2019 14:45:36 GMT+0800 (Singapore Standard Time) [VIDLY] info: Connected to mongodb://localhost/vidly_tests
Mon Oct 14 2019 14:46:03 GMT+0800 (Singapore Standard Time) [VIDLY] info: Listening on port 5000...
Mon Oct 14 2019 14:46:05 GMT+0800 (Singapore Standard Time) [VIDLY] info: Connected to mongodb://localhost/vidly_tests
Mon Oct 14 2019 14:46:09 GMT+0800 (Singapore Standard Time) [VIDLY] info: Listening on port 5000...
Mon Oct 14 2019 14:46:11 GMT+0800 (Singapore Standard Time) [VIDLY] info: Connected to mongodb://localhost/vidly_tests
Mon Oct 14 2019 14:46:13 GMT+0800 (Singapore Standard Time) [VIDLY] info: Listening on port 5000...
Mon Oct 14 2019 14:46:15 GMT+0800 (Singapore Standard Time) [VIDLY] info: Connected to mongodb://localhost/vidly_tests
Mon Oct 14 2019 14:46:31 GMT+0800 (Singapore Standard Time) [VIDLY] info: Listening on port 5000...
Mon Oct 14 2019 14:46:33 GMT+0800 (Singapore Standard Time) [VIDLY] info: Connected to mongodb://localhost/vidly_tests
Mon Oct 14 2019 14:46:38 GMT+0800 (Singapore Standard Time) [VIDLY] info: Listening on port 5000...
Mon Oct 14 2019 14:46:40 GMT+0800 (Singapore Standard Time) [VIDLY] info: Connected to mongodb://localhost/vidly_tests
Mon Oct 14 2019 14:46:43 GMT+0800 (Singapore Standard Time) [VIDLY] info: Listening on port 5000...
Mon Oct 14 2019 14:46:45 GMT+0800 (Singapore Standard Time) [VIDLY] info: Connected to mongodb://localhost/vidly_tests
Mon Oct 14 2019 14:47:41 GMT+0800 (Singapore Standard Time) [VIDLY] info: Listening on port 5000...
Mon Oct 14 2019 14:47:43 GMT+0800 (Singapore Standard Time) [VIDLY] info: Connected to mongodb://localhost/vidly_tests
Mon Oct 14 2019 14:47:46 GMT+0800 (Singapore Standard Time) [VIDLY] info: Listening on port 5000...
Mon Oct 14 2019 14:47:48 GMT+0800 (Singapore Standard Time) [VIDLY] info: Connected to mongodb://localhost/vidly_tests
Mon Oct 14 2019 14:47:53 GMT+0800 (Singapore Standard Time) [VIDLY] info: Listening on port 5000...
Mon Oct 14 2019 14:47:55 GMT+0800 (Singapore Standard Time) [VIDLY] info: Connected to mongodb://localhost/vidly_tests
Mon Oct 14 2019 14:48:08 GMT+0800 (Singapore Standard Time) [VIDLY] info: Listening on port 5000...
Mon Oct 14 2019 14:48:10 GMT+0800 (Singapore Standard Time) [VIDLY] info: Connected to mongodb://localhost/vidly_tests
Mon Oct 14 2019 14:48:13 GMT+0800 (Singapore Standard Time) [VIDLY] info: Listening on port 5000...
Mon Oct 14 2019 14:48:15 GMT+0800 (Singapore Standard Time) [VIDLY] info: Connected to mongodb://localhost/vidly_tests
Mon Oct 14 2019 14:48:21 GMT+0800 (Singapore Standard Time) [VIDLY] info: Listening on port 5000...
Mon Oct 14 2019 14:48:23 GMT+0800 (Singapore Standard Time) [VIDLY] info: Connected to mongodb://localhost/vidly_tests
Mon Oct 14 2019 14:48:36 GMT+0800 (Singapore Standard Time) [VIDLY] info: Listening on port 5000...
Mon Oct 14 2019 14:48:38 GMT+0800 (Singapore Standard Time) [VIDLY] info: Connected to mongodb://localhost/vidly_tests
Mon Oct 14 2019 14:49:10 GMT+0800 (Singapore Standard Time) [VIDLY] info: Listening on port 5000...
Mon Oct 14 2019 14:49:13 GMT+0800 (Singapore Standard Time) [VIDLY] info: Connected to mongodb://localhost/vidly_tests
Mon Oct 14 2019 14:50:08 GMT+0800 (Singapore Standard Time) [VIDLY] info: Listening on port 5000...
Mon Oct 14 2019 14:50:10 GMT+0800 (Singapore Standard Time) [VIDLY] info: Connected to mongodb://localhost/vidly_tests
Mon Oct 14 2019 14:50:39 GMT+0800 (Singapore Standard Time) [VIDLY] info: Listening on port 5000...
Mon Oct 14 2019 14:50:41 GMT+0800 (Singapore Standard Time) [VIDLY] info: Connected to mongodb://localhost/vidly_tests
Mon Oct 14 2019 14:51:12 GMT+0800 (Singapore Standard Time) [VIDLY] info: Listening on port 5000...
Mon Oct 14 2019 14:51:14 GMT+0800 (Singapore Standard Time) [VIDLY] info: Connected to mongodb://localhost/vidly_tests
Mon Oct 14 2019 14:59:54 GMT+0800 (Singapore Standard Time) [VIDLY] info: Listening on port 5000...
Mon Oct 14 2019 14:59:56 GMT+0800 (Singapore Standard Time) [VIDLY] info: Connected to mongodb://localhost/vidly_tests
Mon Oct 14 2019 15:00:04 GMT+0800 (Singapore Standard Time) [VIDLY] info: Listening on port 5000...
Mon Oct 14 2019 15:00:06 GMT+0800 (Singapore Standard Time) [VIDLY] info: Connected to mongodb://localhost/vidly_tests
Mon Oct 14 2019 15:00:11 GMT+0800 (Singapore Standard Time) [VIDLY] info: Listening on port 5000...
Mon Oct 14 2019 15:00:13 GMT+0800 (Singapore Standard Time) [VIDLY] info: Connected to mongodb://localhost/vidly_tests
Mon Oct 14 2019 15:00:24 GMT+0800 (Singapore Standard Time) [VIDLY] info: Listening on port 5000...
Mon Oct 14 2019 15:00:26 GMT+0800 (Singapore Standard Time) [VIDLY] info: Connected to mongodb://localhost/vidly_tests
Mon Oct 14 2019 15:01:53 GMT+0800 (Singapore Standard Time) [VIDLY] info: Listening on port 5000...
Mon Oct 14 2019 15:01:55 GMT+0800 (Singapore Standard Time) [VIDLY] info: Connected to mongodb://localhost/vidly_tests
Mon Oct 14 2019 15:02:22 GMT+0800 (Singapore Standard Time) [VIDLY] info: Listening on port 5000...
Mon Oct 14 2019 15:02:24 GMT+0800 (Singapore Standard Time) [VIDLY] info: Connected to mongodb://localhost/vidly_tests
Mon Oct 14 2019 15:02:48 GMT+0800 (Singapore Standard Time) [VIDLY] info: Listening on port 5000...
Mon Oct 14 2019 15:02:50 GMT+0800 (Singapore Standard Time) [VIDLY] info: Connected to mongodb://localhost/vidly_tests
Mon Oct 14 2019 15:04:33 GMT+0800 (Singapore Standard Time) [VIDLY] info: Listening on port 5000...
Mon Oct 14 2019 15:04:35 GMT+0800 (Singapore Standard Time) [VIDLY] info: Connected to mongodb://localhost/vidly_tests
Mon Oct 14 2019 15:04:57 GMT+0800 (Singapore Standard Time) [VIDLY] info: Listening on port 5000...
Mon Oct 14 2019 15:04:59 GMT+0800 (Singapore Standard Time) [VIDLY] info: Connected to mongodb://localhost/vidly_tests
Mon Oct 14 2019 15:05:36 GMT+0800 (Singapore Standard Time) [VIDLY] info: Listening on port 5000...
Mon Oct 14 2019 15:05:38 GMT+0800 (Singapore Standard Time) [VIDLY] info: Connected to mongodb://localhost/vidly_tests
Mon Oct 14 2019 15:09:36 GMT+0800 (Singapore Standard Time) [VIDLY] info: Listening on port 5000...
Mon Oct 14 2019 15:09:38 GMT+0800 (Singapore Standard Time) [VIDLY] info: Connected to mongodb://localhost/vidly_tests
Mon Oct 14 2019 15:09:41 GMT+0800 (Singapore Standard Time) [VIDLY] info: Listening on port 5000...
Mon Oct 14 2019 15:09:43 GMT+0800 (Singapore Standard Time) [VIDLY] info: Connected to mongodb://localhost/vidly_tests
Mon Oct 14 2019 15:09:47 GMT+0800 (Singapore Standard Time) [VIDLY] info: Listening on port 5000...
Mon Oct 14 2019 15:09:49 GMT+0800 (Singapore Standard Time) [VIDLY] info: Connected to mongodb://localhost/vidly_tests
Mon Oct 14 2019 15:11:33 GMT+0800 (Singapore Standard Time) [VIDLY] info: Listening on port 5000...
Mon Oct 14 2019 15:11:35 GMT+0800 (Singapore Standard Time) [VIDLY] info: Connected to mongodb://localhost/vidly_tests
Mon Oct 14 2019 15:11:38 GMT+0800 (Singapore Standard Time) [VIDLY] info: Listening on port 5000...
Mon Oct 14 2019 15:11:40 GMT+0800 (Singapore Standard Time) [VIDLY] info: Connected to mongodb://localhost/vidly_tests
Mon Oct 14 2019 15:11:46 GMT+0800 (Singapore Standard Time) [VIDLY] info: Listening on port 5000...
Mon Oct 14 2019 15:11:48 GMT+0800 (Singapore Standard Time) [VIDLY] info: Connected to mongodb://localhost/vidly_tests
Mon Oct 14 2019 15:12:58 GMT+0800 (Singapore Standard Time) [VIDLY] info: Listening on port 5000...
Mon Oct 14 2019 15:13:00 GMT+0800 (Singapore Standard Time) [VIDLY] info: Connected to mongodb://localhost/vidly_tests
Mon Oct 14 2019 15:13:05 GMT+0800 (Singapore Standard Time) [VIDLY] info: Listening on port 5000...
Mon Oct 14 2019 15:13:07 GMT+0800 (Singapore Standard Time) [VIDLY] info: Connected to mongodb://localhost/vidly_tests
Mon Oct 14 2019 15:13:13 GMT+0800 (Singapore Standard Time) [VIDLY] info: Listening on port 5000...
Mon Oct 14 2019 15:13:15 GMT+0800 (Singapore Standard Time) [VIDLY] info: Connected to mongodb://localhost/vidly_tests
Mon Oct 14 2019 15:13:28 GMT+0800 (Singapore Standard Time) [VIDLY] info: Listening on port 5000...
Mon Oct 14 2019 15:13:31 GMT+0800 (Singapore Standard Time) [VIDLY] info: Connected to mongodb://localhost/vidly_tests
Mon Oct 14 2019 15:13:33 GMT+0800 (Singapore Standard Time) [VIDLY] info: Listening on port 5000...
Mon Oct 14 2019 15:13:36 GMT+0800 (Singapore Standard Time) [VIDLY] info: Connected to mongodb://localhost/vidly_tests
Mon Oct 14 2019 15:13:40 GMT+0800 (Singapore Standard Time) [VIDLY] info: Listening on port 5000...
Mon Oct 14 2019 15:13:43 GMT+0800 (Singapore Standard Time) [VIDLY] info: Connected to mongodb://localhost/vidly_tests
Mon Oct 14 2019 15:15:28 GMT+0800 (Singapore Standard Time) [VIDLY] info: Listening on port 5000...
Mon Oct 14 2019 15:15:30 GMT+0800 (Singapore Standard Time) [VIDLY] info: Connected to mongodb://localhost/vidly_tests
Mon Oct 14 2019 15:15:37 GMT+0800 (Singapore Standard Time) [VIDLY] info: Listening on port 5000...
Mon Oct 14 2019 15:15:40 GMT+0800 (Singapore Standard Time) [VIDLY] info: Connected to mongodb://localhost/vidly_tests
Mon Oct 14 2019 15:15:45 GMT+0800 (Singapore Standard Time) [VIDLY] info: Listening on port 5000...
Mon Oct 14 2019 15:15:47 GMT+0800 (Singapore Standard Time) [VIDLY] info: Connected to mongodb://localhost/vidly_tests
Mon Oct 14 2019 15:16:43 GMT+0800 (Singapore Standard Time) [VIDLY] info: Listening on port 5000...
Mon Oct 14 2019 15:16:45 GMT+0800 (Singapore Standard Time) [VIDLY] info: Connected to mongodb://localhost/vidly_tests
Mon Oct 14 2019 15:16:48 GMT+0800 (Singapore Standard Time) [VIDLY] info: Listening on port 5000...
Mon Oct 14 2019 15:16:50 GMT+0800 (Singapore Standard Time) [VIDLY] info: Connected to mongodb://localhost/vidly_tests
Mon Oct 14 2019 15:16:54 GMT+0800 (Singapore Standard Time) [VIDLY] info: Listening on port 5000...
Mon Oct 14 2019 15:16:57 GMT+0800 (Singapore Standard Time) [VIDLY] info: Connected to mongodb://localhost/vidly_tests
Mon Oct 14 2019 15:18:14 GMT+0800 (Singapore Standard Time) [VIDLY] info: Listening on port 5000...
Mon Oct 14 2019 15:18:16 GMT+0800 (Singapore Standard Time) [VIDLY] info: Connected to mongodb://localhost/vidly_tests
Mon Oct 14 2019 15:18:16 GMT+0800 (Singapore Standard Time) [VIDLY] error: Cannot set headers after they are sent to the client
Mon Oct 14 2019 15:18:18 GMT+0800 (Singapore Standard Time) [VIDLY] error: Cannot set headers after they are sent to the client
Mon Oct 14 2019 15:18:19 GMT+0800 (Singapore Standard Time) [VIDLY] info: Listening on port 5000...
Mon Oct 14 2019 15:18:21 GMT+0800 (Singapore Standard Time) [VIDLY] info: Connected to mongodb://localhost/vidly_tests
Mon Oct 14 2019 15:18:26 GMT+0800 (Singapore Standard Time) [VIDLY] info: Listening on port 5000...
Mon Oct 14 2019 15:18:28 GMT+0800 (Singapore Standard Time) [VIDLY] info: Connected to mongodb://localhost/vidly_tests
Mon Oct 14 2019 15:18:53 GMT+0800 (Singapore Standard Time) [VIDLY] info: Listening on port 5000...
Mon Oct 14 2019 15:18:55 GMT+0800 (Singapore Standard Time) [VIDLY] info: Connected to mongodb://localhost/vidly_tests
Mon Oct 14 2019 15:18:55 GMT+0800 (Singapore Standard Time) [VIDLY] error: Cannot set headers after they are sent to the client
Mon Oct 14 2019 15:18:57 GMT+0800 (Singapore Standard Time) [VIDLY] error: Cannot set headers after they are sent to the client
Mon Oct 14 2019 15:18:57 GMT+0800 (Singapore Standard Time) [VIDLY] info: Listening on port 5000...
Mon Oct 14 2019 15:18:59 GMT+0800 (Singapore Standard Time) [VIDLY] info: Connected to mongodb://localhost/vidly_tests
Mon Oct 14 2019 15:19:03 GMT+0800 (Singapore Standard Time) [VIDLY] info: Listening on port 5000...
Mon Oct 14 2019 15:19:05 GMT+0800 (Singapore Standard Time) [VIDLY] info: Connected to mongodb://localhost/vidly_tests
Mon Oct 14 2019 15:19:16 GMT+0800 (Singapore Standard Time) [VIDLY] info: Listening on port 5000...
Mon Oct 14 2019 15:19:18 GMT+0800 (Singapore Standard Time) [VIDLY] info: Connected to mongodb://localhost/vidly_tests
Mon Oct 14 2019 15:19:18 GMT+0800 (Singapore Standard Time) [VIDLY] error: Cannot set headers after they are sent to the client
Mon Oct 14 2019 15:19:31 GMT+0800 (Singapore Standard Time) [VIDLY] error: Cannot set headers after they are sent to the client
Mon Oct 14 2019 15:24:06 GMT+0800 (Singapore Standard Time) [VIDLY] info: Listening on port 5000...
Mon Oct 14 2019 15:24:08 GMT+0800 (Singapore Standard Time) [VIDLY] info: Connected to mongodb://localhost/vidly_tests
Mon Oct 14 2019 15:24:17 GMT+0800 (Singapore Standard Time) [VIDLY] info: Listening on port 5000...
Mon Oct 14 2019 15:24:19 GMT+0800 (Singapore Standard Time) [VIDLY] info: Connected to mongodb://localhost/vidly_tests
Mon Oct 14 2019 15:24:24 GMT+0800 (Singapore Standard Time) [VIDLY] info: Listening on port 5000...
Mon Oct 14 2019 15:24:27 GMT+0800 (Singapore Standard Time) [VIDLY] info: Connected to mongodb://localhost/vidly_tests
Mon Oct 14 2019 15:25:05 GMT+0800 (Singapore Standard Time) [VIDLY] info: Listening on port 5000...
Mon Oct 14 2019 15:25:07 GMT+0800 (Singapore Standard Time) [VIDLY] info: Connected to mongodb://localhost/vidly_tests
Mon Oct 14 2019 15:25:10 GMT+0800 (Singapore Standard Time) [VIDLY] info: Listening on port 5000...
Mon Oct 14 2019 15:25:12 GMT+0800 (Singapore Standard Time) [VIDLY] info: Connected to mongodb://localhost/vidly_tests
Mon Oct 14 2019 15:25:16 GMT+0800 (Singapore Standard Time) [VIDLY] info: Listening on port 5000...
Mon Oct 14 2019 15:25:18 GMT+0800 (Singapore Standard Time) [VIDLY] info: Connected to mongodb://localhost/vidly_tests
Mon Oct 14 2019 15:27:48 GMT+0800 (Singapore Standard Time) [VIDLY] info: Listening on port 5000...
Mon Oct 14 2019 15:27:51 GMT+0800 (Singapore Standard Time) [VIDLY] info: Connected to mongodb://localhost/vidly_tests
Mon Oct 14 2019 15:27:54 GMT+0800 (Singapore Standard Time) [VIDLY] info: Listening on port 5000...
Mon Oct 14 2019 15:27:56 GMT+0800 (Singapore Standard Time) [VIDLY] info: Connected to mongodb://localhost/vidly_tests
Mon Oct 14 2019 15:28:01 GMT+0800 (Singapore Standard Time) [VIDLY] info: Listening on port 5000...
Mon Oct 14 2019 15:28:03 GMT+0800 (Singapore Standard Time) [VIDLY] info: Connected to mongodb://localhost/vidly_tests
Mon Oct 14 2019 15:29:21 GMT+0800 (Singapore Standard Time) [VIDLY] info: Listening on port 5000...
Mon Oct 14 2019 15:29:23 GMT+0800 (Singapore Standard Time) [VIDLY] info: Connected to mongodb://localhost/vidly_tests
Mon Oct 14 2019 15:29:27 GMT+0800 (Singapore Standard Time) [VIDLY] info: Listening on port 5000...
Mon Oct 14 2019 15:29:29 GMT+0800 (Singapore Standard Time) [VIDLY] info: Connected to mongodb://localhost/vidly_tests
Mon Oct 14 2019 15:29:33 GMT+0800 (Singapore Standard Time) [VIDLY] info: Listening on port 5000...
Mon Oct 14 2019 15:29:35 GMT+0800 (Singapore Standard Time) [VIDLY] info: Connected to mongodb://localhost/vidly_tests
Mon Oct 14 2019 15:32:14 GMT+0800 (Singapore Standard Time) [VIDLY] info: Listening on port 5000...
Mon Oct 14 2019 15:32:17 GMT+0800 (Singapore Standard Time) [VIDLY] info: Connected to mongodb://localhost/vidly_tests
Mon Oct 14 2019 15:32:20 GMT+0800 (Singapore Standard Time) [VIDLY] info: Listening on port 5000...
Mon Oct 14 2019 15:32:22 GMT+0800 (Singapore Standard Time) [VIDLY] info: Connected to mongodb://localhost/vidly_tests
Mon Oct 14 2019 15:32:27 GMT+0800 (Singapore Standard Time) [VIDLY] info: Listening on port 5000...
Mon Oct 14 2019 15:32:29 GMT+0800 (Singapore Standard Time) [VIDLY] info: Connected to mongodb://localhost/vidly_tests
Mon Oct 14 2019 15:33:35 GMT+0800 (Singapore Standard Time) [VIDLY] info: Listening on port 5000...
Mon Oct 14 2019 15:33:37 GMT+0800 (Singapore Standard Time) [VIDLY] info: Connected to mongodb://localhost/vidly_tests
Mon Oct 14 2019 15:33:40 GMT+0800 (Singapore Standard Time) [VIDLY] info: Listening on port 5000...
Mon Oct 14 2019 15:33:42 GMT+0800 (Singapore Standard Time) [VIDLY] info: Connected to mongodb://localhost/vidly_tests
Mon Oct 14 2019 15:33:47 GMT+0800 (Singapore Standard Time) [VIDLY] info: Listening on port 5000...
Mon Oct 14 2019 15:33:49 GMT+0800 (Singapore Standard Time) [VIDLY] info: Connected to mongodb://localhost/vidly_tests
Mon Oct 14 2019 15:34:10 GMT+0800 (Singapore Standard Time) [VIDLY] info: Listening on port 5000...
Mon Oct 14 2019 15:34:12 GMT+0800 (Singapore Standard Time) [VIDLY] info: Connected to mongodb://localhost/vidly_tests
Mon Oct 14 2019 15:34:15 GMT+0800 (Singapore Standard Time) [VIDLY] info: Listening on port 5000...
Mon Oct 14 2019 15:34:17 GMT+0800 (Singapore Standard Time) [VIDLY] info: Connected to mongodb://localhost/vidly_tests
Mon Oct 14 2019 15:34:22 GMT+0800 (Singapore Standard Time) [VIDLY] info: Listening on port 5000...
Mon Oct 14 2019 15:34:24 GMT+0800 (Singapore Standard Time) [VIDLY] info: Connected to mongodb://localhost/vidly_tests
Mon Oct 14 2019 15:35:17 GMT+0800 (Singapore Standard Time) [VIDLY] info: Listening on port 5000...
Mon Oct 14 2019 15:35:19 GMT+0800 (Singapore Standard Time) [VIDLY] info: Connected to mongodb://localhost/vidly_tests
Mon Oct 14 2019 15:35:22 GMT+0800 (Singapore Standard Time) [VIDLY] info: Listening on port 5000...
Mon Oct 14 2019 15:35:24 GMT+0800 (Singapore Standard Time) [VIDLY] info: Connected to mongodb://localhost/vidly_tests
Mon Oct 14 2019 15:35:29 GMT+0800 (Singapore Standard Time) [VIDLY] info: Listening on port 5000...
Mon Oct 14 2019 15:35:31 GMT+0800 (Singapore Standard Time) [VIDLY] info: Connected to mongodb://localhost/vidly_tests
Mon Oct 14 2019 15:36:03 GMT+0800 (Singapore Standard Time) [VIDLY] info: Listening on port 5000...
Mon Oct 14 2019 15:36:05 GMT+0800 (Singapore Standard Time) [VIDLY] info: Connected to mongodb://localhost/vidly_tests
Mon Oct 14 2019 15:36:08 GMT+0800 (Singapore Standard Time) [VIDLY] info: Listening on port 5000...
Mon Oct 14 2019 15:36:10 GMT+0800 (Singapore Standard Time) [VIDLY] info: Connected to mongodb://localhost/vidly_tests
Mon Oct 14 2019 15:36:14 GMT+0800 (Singapore Standard Time) [VIDLY] info: Listening on port 5000...
Mon Oct 14 2019 15:36:16 GMT+0800 (Singapore Standard Time) [VIDLY] info: Connected to mongodb://localhost/vidly_tests
Mon Oct 14 2019 15:38:00 GMT+0800 (Singapore Standard Time) [VIDLY] info: Listening on port 5000...
Mon Oct 14 2019 15:38:02 GMT+0800 (Singapore Standard Time) [VIDLY] info: Connected to mongodb://localhost/vidly_tests
Mon Oct 14 2019 15:38:05 GMT+0800 (Singapore Standard Time) [VIDLY] info: Listening on port 5000...
Mon Oct 14 2019 15:38:07 GMT+0800 (Singapore Standard Time) [VIDLY] info: Connected to mongodb://localhost/vidly_tests
Mon Oct 14 2019 15:38:13 GMT+0800 (Singapore Standard Time) [VIDLY] info: Listening on port 5000...
Mon Oct 14 2019 15:38:15 GMT+0800 (Singapore Standard Time) [VIDLY] info: Connected to mongodb://localhost/vidly_tests
Mon Oct 14 2019 15:39:57 GMT+0800 (Singapore Standard Time) [VIDLY] info: Listening on port 5000...
Mon Oct 14 2019 15:39:59 GMT+0800 (Singapore Standard Time) [VIDLY] info: Connected to mongodb://localhost/vidly_tests
Mon Oct 14 2019 15:40:03 GMT+0800 (Singapore Standard Time) [VIDLY] info: Listening on port 5000...
Mon Oct 14 2019 15:40:05 GMT+0800 (Singapore Standard Time) [VIDLY] info: Connected to mongodb://localhost/vidly_tests
Mon Oct 14 2019 15:40:09 GMT+0800 (Singapore Standard Time) [VIDLY] info: Listening on port 5000...
Mon Oct 14 2019 15:40:11 GMT+0800 (Singapore Standard Time) [VIDLY] info: Connected to mongodb://localhost/vidly_tests
Mon Oct 14 2019 15:40:32 GMT+0800 (Singapore Standard Time) [VIDLY] info: Listening on port 5000...
Mon Oct 14 2019 15:40:34 GMT+0800 (Singapore Standard Time) [VIDLY] info: Connected to mongodb://localhost/vidly_tests
Mon Oct 14 2019 15:40:37 GMT+0800 (Singapore Standard Time) [VIDLY] info: Listening on port 5000...
Mon Oct 14 2019 15:40:39 GMT+0800 (Singapore Standard Time) [VIDLY] info: Connected to mongodb://localhost/vidly_tests
Mon Oct 14 2019 15:40:45 GMT+0800 (Singapore Standard Time) [VIDLY] info: Listening on port 5000...
Mon Oct 14 2019 15:40:47 GMT+0800 (Singapore Standard Time) [VIDLY] info: Connected to mongodb://localhost/vidly_tests
Mon Oct 14 2019 15:42:28 GMT+0800 (Singapore Standard Time) [VIDLY] info: Listening on port 5000...
Mon Oct 14 2019 15:42:30 GMT+0800 (Singapore Standard Time) [VIDLY] info: Connected to mongodb://localhost/vidly_tests
Mon Oct 14 2019 15:42:34 GMT+0800 (Singapore Standard Time) [VIDLY] info: Listening on port 5000...
Mon Oct 14 2019 15:42:36 GMT+0800 (Singapore Standard Time) [VIDLY] info: Connected to mongodb://localhost/vidly_tests
Mon Oct 14 2019 15:42:41 GMT+0800 (Singapore Standard Time) [VIDLY] info: Listening on port 5000...
Mon Oct 14 2019 15:42:43 GMT+0800 (Singapore Standard Time) [VIDLY] info: Connected to mongodb://localhost/vidly_tests
Mon Oct 14 2019 15:43:45 GMT+0800 (Singapore Standard Time) [VIDLY] info: Listening on port 5000...
Mon Oct 14 2019 15:43:48 GMT+0800 (Singapore Standard Time) [VIDLY] info: Connected to mongodb://localhost/vidly_tests
Mon Oct 14 2019 15:43:51 GMT+0800 (Singapore Standard Time) [VIDLY] info: Listening on port 5000...
Mon Oct 14 2019 15:43:53 GMT+0800 (Singapore Standard Time) [VIDLY] info: Connected to mongodb://localhost/vidly_tests
Mon Oct 14 2019 15:43:57 GMT+0800 (Singapore Standard Time) [VIDLY] info: Listening on port 5000...
Mon Oct 14 2019 15:43:59 GMT+0800 (Singapore Standard Time) [VIDLY] info: Connected to mongodb://localhost/vidly_tests
Mon Oct 14 2019 15:44:14 GMT+0800 (Singapore Standard Time) [VIDLY] info: Listening on port 5000...
Mon Oct 14 2019 15:44:16 GMT+0800 (Singapore Standard Time) [VIDLY] info: Connected to mongodb://localhost/vidly_tests
Mon Oct 14 2019 15:44:21 GMT+0800 (Singapore Standard Time) [VIDLY] info: Listening on port 5000...
Mon Oct 14 2019 15:44:23 GMT+0800 (Singapore Standard Time) [VIDLY] info: Connected to mongodb://localhost/vidly_tests
Mon Oct 14 2019 15:44:27 GMT+0800 (Singapore Standard Time) [VIDLY] info: Listening on port 5000...
Mon Oct 14 2019 15:44:29 GMT+0800 (Singapore Standard Time) [VIDLY] info: Connected to mongodb://localhost/vidly_tests
Tue Oct 15 2019 10:25:38 GMT+0800 (Singapore Standard Time) [VIDLY] info: Listening on port 5000...
Tue Oct 15 2019 10:25:40 GMT+0800 (Singapore Standard Time) [VIDLY] info: Connected to mongodb://localhost/vidly_tests
Tue Oct 15 2019 10:25:43 GMT+0800 (Singapore Standard Time) [VIDLY] info: Listening on port 5000...
Tue Oct 15 2019 10:25:45 GMT+0800 (Singapore Standard Time) [VIDLY] info: Connected to mongodb://localhost/vidly_tests
Tue Oct 15 2019 10:25:49 GMT+0800 (Singapore Standard Time) [VIDLY] info: Listening on port 5000...
Tue Oct 15 2019 10:25:52 GMT+0800 (Singapore Standard Time) [VIDLY] info: Connected to mongodb://localhost/vidly_tests
Tue Oct 15 2019 10:27:11 GMT+0800 (Singapore Standard Time) [VIDLY] info: Listening on port 5000...
Tue Oct 15 2019 10:27:13 GMT+0800 (Singapore Standard Time) [VIDLY] info: Connected to mongodb://localhost/vidly_tests
Tue Oct 15 2019 10:27:18 GMT+0800 (Singapore Standard Time) [VIDLY] info: Listening on port 5000...
Tue Oct 15 2019 10:27:21 GMT+0800 (Singapore Standard Time) [VIDLY] info: Connected to mongodb://localhost/vidly_tests
Tue Oct 15 2019 10:27:26 GMT+0800 (Singapore Standard Time) [VIDLY] info: Listening on port 5000...
Tue Oct 15 2019 10:27:29 GMT+0800 (Singapore Standard Time) [VIDLY] info: Connected to mongodb://localhost/vidly_tests
Tue Oct 15 2019 10:28:13 GMT+0800 (Singapore Standard Time) [VIDLY] info: Listening on port 5000...
Tue Oct 15 2019 10:28:15 GMT+0800 (Singapore Standard Time) [VIDLY] info: Connected to mongodb://localhost/vidly_tests
Tue Oct 15 2019 10:28:18 GMT+0800 (Singapore Standard Time) [VIDLY] info: Listening on port 5000...
Tue Oct 15 2019 10:28:20 GMT+0800 (Singapore Standard Time) [VIDLY] info: Connected to mongodb://localhost/vidly_tests
Tue Oct 15 2019 10:28:25 GMT+0800 (Singapore Standard Time) [VIDLY] info: Listening on port 5000...
Tue Oct 15 2019 10:28:27 GMT+0800 (Singapore Standard Time) [VIDLY] info: Connected to mongodb://localhost/vidly_tests
Tue Oct 15 2019 10:32:17 GMT+0800 (Singapore Standard Time) [VIDLY] info: Listening on port 5000...
Tue Oct 15 2019 10:32:19 GMT+0800 (Singapore Standard Time) [VIDLY] info: Connected to mongodb://localhost/vidly_tests
Tue Oct 15 2019 10:32:23 GMT+0800 (Singapore Standard Time) [VIDLY] info: Listening on port 5000...
Tue Oct 15 2019 10:32:25 GMT+0800 (Singapore Standard Time) [VIDLY] info: Connected to mongodb://localhost/vidly_tests
Tue Oct 15 2019 10:32:29 GMT+0800 (Singapore Standard Time) [VIDLY] info: Listening on port 5000...
Tue Oct 15 2019 10:32:31 GMT+0800 (Singapore Standard Time) [VIDLY] info: Connected to mongodb://localhost/vidly_tests
Tue Oct 15 2019 10:32:51 GMT+0800 (Singapore Standard Time) [VIDLY] info: Listening on port 5000...
Tue Oct 15 2019 10:32:53 GMT+0800 (Singapore Standard Time) [VIDLY] info: Connected to mongodb://localhost/vidly_tests
Tue Oct 15 2019 10:32:57 GMT+0800 (Singapore Standard Time) [VIDLY] info: Listening on port 5000...
Tue Oct 15 2019 10:32:59 GMT+0800 (Singapore Standard Time) [VIDLY] info: Connected to mongodb://localhost/vidly_tests
Tue Oct 15 2019 10:33:03 GMT+0800 (Singapore Standard Time) [VIDLY] info: Listening on port 5000...
Tue Oct 15 2019 10:33:06 GMT+0800 (Singapore Standard Time) [VIDLY] info: Connected to mongodb://localhost/vidly_tests
Tue Oct 15 2019 10:33:27 GMT+0800 (Singapore Standard Time) [VIDLY] info: Listening on port 5000...
Tue Oct 15 2019 10:33:29 GMT+0800 (Singapore Standard Time) [VIDLY] info: Connected to mongodb://localhost/vidly_tests
Tue Oct 15 2019 10:33:34 GMT+0800 (Singapore Standard Time) [VIDLY] info: Listening on port 5000...
Tue Oct 15 2019 10:33:37 GMT+0800 (Singapore Standard Time) [VIDLY] info: Connected to mongodb://localhost/vidly_tests
Tue Oct 15 2019 10:33:42 GMT+0800 (Singapore Standard Time) [VIDLY] info: Listening on port 5000...
Tue Oct 15 2019 10:33:44 GMT+0800 (Singapore Standard Time) [VIDLY] info: Connected to mongodb://localhost/vidly_tests
Tue Oct 15 2019 10:34:02 GMT+0800 (Singapore Standard Time) [VIDLY] info: Listening on port 5000...
Tue Oct 15 2019 10:34:04 GMT+0800 (Singapore Standard Time) [VIDLY] info: Connected to mongodb://localhost/vidly_tests
Tue Oct 15 2019 10:34:09 GMT+0800 (Singapore Standard Time) [VIDLY] info: Listening on port 5000...
Tue Oct 15 2019 10:34:11 GMT+0800 (Singapore Standard Time) [VIDLY] info: Connected to mongodb://localhost/vidly_tests
Tue Oct 15 2019 10:34:16 GMT+0800 (Singapore Standard Time) [VIDLY] info: Listening on port 5000...
Tue Oct 15 2019 10:34:18 GMT+0800 (Singapore Standard Time) [VIDLY] info: Connected to mongodb://localhost/vidly_tests
Tue Oct 15 2019 10:35:43 GMT+0800 (Singapore Standard Time) [VIDLY] info: Listening on port 5000...
Tue Oct 15 2019 10:35:45 GMT+0800 (Singapore Standard Time) [VIDLY] info: Connected to mongodb://localhost/vidly_tests
Tue Oct 15 2019 10:35:48 GMT+0800 (Singapore Standard Time) [VIDLY] error: movie is not defined
Tue Oct 15 2019 10:35:48 GMT+0800 (Singapore Standard Time) [VIDLY] error: movie is not defined
Tue Oct 15 2019 10:35:48 GMT+0800 (Singapore Standard Time) [VIDLY] error: movie is not defined
Tue Oct 15 2019 10:35:48 GMT+0800 (Singapore Standard Time) [VIDLY] error: movie is not defined
Tue Oct 15 2019 10:35:50 GMT+0800 (Singapore Standard Time) [VIDLY] info: Listening on port 5000...
Tue Oct 15 2019 10:35:52 GMT+0800 (Singapore Standard Time) [VIDLY] info: Connected to mongodb://localhost/vidly_tests
Tue Oct 15 2019 10:35:58 GMT+0800 (Singapore Standard Time) [VIDLY] info: Listening on port 5000...
Tue Oct 15 2019 10:36:01 GMT+0800 (Singapore Standard Time) [VIDLY] info: Connected to mongodb://localhost/vidly_tests
Tue Oct 15 2019 10:36:34 GMT+0800 (Singapore Standard Time) [VIDLY] info: Listening on port 5000...
Tue Oct 15 2019 10:36:36 GMT+0800 (Singapore Standard Time) [VIDLY] info: Connected to mongodb://localhost/vidly_tests
Tue Oct 15 2019 10:36:38 GMT+0800 (Singapore Standard Time) [VIDLY] error: movie is not defined
Tue Oct 15 2019 10:36:38 GMT+0800 (Singapore Standard Time) [VIDLY] error: movie is not defined
Tue Oct 15 2019 10:36:38 GMT+0800 (Singapore Standard Time) [VIDLY] error: movie is not defined
Tue Oct 15 2019 10:36:38 GMT+0800 (Singapore Standard Time) [VIDLY] error: movie is not defined
Tue Oct 15 2019 10:37:32 GMT+0800 (Singapore Standard Time) [VIDLY] info: Listening on port 5000...
Tue Oct 15 2019 10:37:34 GMT+0800 (Singapore Standard Time) [VIDLY] info: Connected to mongodb://localhost/vidly_tests
Tue Oct 15 2019 10:38:22 GMT+0800 (Singapore Standard Time) [VIDLY] info: Listening on port 5000...
Tue Oct 15 2019 10:38:24 GMT+0800 (Singapore Standard Time) [VIDLY] info: Connected to mongodb://localhost/vidly_tests
Tue Oct 15 2019 10:38:28 GMT+0800 (Singapore Standard Time) [VIDLY] info: Listening on port 5000...
Tue Oct 15 2019 10:38:30 GMT+0800 (Singapore Standard Time) [VIDLY] info: Connected to mongodb://localhost/vidly_tests
Tue Oct 15 2019 10:38:35 GMT+0800 (Singapore Standard Time) [VIDLY] info: Listening on port 5000...
Tue Oct 15 2019 10:38:37 GMT+0800 (Singapore Standard Time) [VIDLY] info: Connected to mongodb://localhost/vidly_tests
Tue Oct 15 2019 10:40:04 GMT+0800 (Singapore Standard Time) [VIDLY] info: Listening on port 5000...
Tue Oct 15 2019 10:40:06 GMT+0800 (Singapore Standard Time) [VIDLY] info: Connected to mongodb://localhost/vidly_tests
Tue Oct 15 2019 10:40:09 GMT+0800 (Singapore Standard Time) [VIDLY] error: movie is not defined
Tue Oct 15 2019 10:40:09 GMT+0800 (Singapore Standard Time) [VIDLY] error: movie is not defined
Tue Oct 15 2019 10:40:09 GMT+0800 (Singapore Standard Time) [VIDLY] error: movie is not defined
Tue Oct 15 2019 10:40:09 GMT+0800 (Singapore Standard Time) [VIDLY] error: movie is not defined
Tue Oct 15 2019 10:40:10 GMT+0800 (Singapore Standard Time) [VIDLY] info: Listening on port 5000...
Tue Oct 15 2019 10:40:13 GMT+0800 (Singapore Standard Time) [VIDLY] info: Connected to mongodb://localhost/vidly_tests
Tue Oct 15 2019 10:40:21 GMT+0800 (Singapore Standard Time) [VIDLY] info: Listening on port 5000...
Tue Oct 15 2019 10:40:23 GMT+0800 (Singapore Standard Time) [VIDLY] info: Connected to mongodb://localhost/vidly_tests
Tue Oct 15 2019 10:40:51 GMT+0800 (Singapore Standard Time) [VIDLY] info: Listening on port 5000...
Tue Oct 15 2019 10:40:53 GMT+0800 (Singapore Standard Time) [VIDLY] info: Connected to mongodb://localhost/vidly_tests
Tue Oct 15 2019 10:40:56 GMT+0800 (Singapore Standard Time) [VIDLY] info: Listening on port 5000...
Tue Oct 15 2019 10:40:58 GMT+0800 (Singapore Standard Time) [VIDLY] info: Connected to mongodb://localhost/vidly_tests
Tue Oct 15 2019 10:41:03 GMT+0800 (Singapore Standard Time) [VIDLY] info: Listening on port 5000...
Tue Oct 15 2019 10:41:06 GMT+0800 (Singapore Standard Time) [VIDLY] info: Connected to mongodb://localhost/vidly_tests
Tue Oct 15 2019 10:42:49 GMT+0800 (Singapore Standard Time) [VIDLY] info: Listening on port 5000...
Tue Oct 15 2019 10:42:51 GMT+0800 (Singapore Standard Time) [VIDLY] info: Connected to mongodb://localhost/vidly_tests
Tue Oct 15 2019 10:42:54 GMT+0800 (Singapore Standard Time) [VIDLY] info: Listening on port 5000...
Tue Oct 15 2019 10:42:56 GMT+0800 (Singapore Standard Time) [VIDLY] info: Connected to mongodb://localhost/vidly_tests
Tue Oct 15 2019 10:43:02 GMT+0800 (Singapore Standard Time) [VIDLY] info: Listening on port 5000...
Tue Oct 15 2019 10:43:04 GMT+0800 (Singapore Standard Time) [VIDLY] info: Connected to mongodb://localhost/vidly_tests
Tue Oct 15 2019 10:43:42 GMT+0800 (Singapore Standard Time) [VIDLY] info: Listening on port 5000...
Tue Oct 15 2019 10:43:44 GMT+0800 (Singapore Standard Time) [VIDLY] info: Connected to mongodb://localhost/vidly_tests
Tue Oct 15 2019 10:44:46 GMT+0800 (Singapore Standard Time) [VIDLY] info: Listening on port 5000...
Tue Oct 15 2019 10:44:48 GMT+0800 (Singapore Standard Time) [VIDLY] info: Connected to mongodb://localhost/vidly_tests
Tue Oct 15 2019 10:51:04 GMT+0800 (Singapore Standard Time) [VIDLY] info: Listening on port 5000...
Tue Oct 15 2019 10:51:06 GMT+0800 (Singapore Standard Time) [VIDLY] info: Connected to mongodb://localhost/vidly_tests
Tue Oct 15 2019 10:51:10 GMT+0800 (Singapore Standard Time) [VIDLY] info: Listening on port 5000...
Tue Oct 15 2019 10:51:12 GMT+0800 (Singapore Standard Time) [VIDLY] info: Connected to mongodb://localhost/vidly_tests
Tue Oct 15 2019 10:51:15 GMT+0800 (Singapore Standard Time) [VIDLY] info: Listening on port 5000...
Tue Oct 15 2019 10:51:18 GMT+0800 (Singapore Standard Time) [VIDLY] info: Connected to mongodb://localhost/vidly_tests
Tue Oct 15 2019 10:54:06 GMT+0800 (Singapore Standard Time) [VIDLY] info: Listening on port 5000...
Tue Oct 15 2019 10:54:08 GMT+0800 (Singapore Standard Time) [VIDLY] info: Connected to mongodb://localhost/vidly_tests
Tue Oct 15 2019 10:54:48 GMT+0800 (Singapore Standard Time) [VIDLY] info: Listening on port 5000...
Tue Oct 15 2019 10:54:50 GMT+0800 (Singapore Standard Time) [VIDLY] info: Connected to mongodb://localhost/vidly_tests
Tue Oct 15 2019 10:54:54 GMT+0800 (Singapore Standard Time) [VIDLY] info: Listening on port 5000...
Tue Oct 15 2019 10:54:56 GMT+0800 (Singapore Standard Time) [VIDLY] info: Connected to mongodb://localhost/vidly_tests
Tue Oct 15 2019 10:56:19 GMT+0800 (Singapore Standard Time) [VIDLY] info: Listening on port 5000...
Tue Oct 15 2019 10:56:21 GMT+0800 (Singapore Standard Time) [VIDLY] info: Connected to mongodb://localhost/vidly_tests
Tue Oct 15 2019 10:57:21 GMT+0800 (Singapore Standard Time) [VIDLY] info: Listening on port 5000...
Tue Oct 15 2019 10:57:23 GMT+0800 (Singapore Standard Time) [VIDLY] info: Connected to mongodb://localhost/vidly_tests
Tue Oct 15 2019 10:57:26 GMT+0800 (Singapore Standard Time) [VIDLY] info: Listening on port 5000...
Tue Oct 15 2019 10:57:29 GMT+0800 (Singapore Standard Time) [VIDLY] info: Connected to mongodb://localhost/vidly_tests
Tue Oct 15 2019 10:57:33 GMT+0800 (Singapore Standard Time) [VIDLY] info: Listening on port 5000...
Tue Oct 15 2019 10:57:35 GMT+0800 (Singapore Standard Time) [VIDLY] info: Connected to mongodb://localhost/vidly_tests
Tue Oct 15 2019 10:59:10 GMT+0800 (Singapore Standard Time) [VIDLY] info: Listening on port 5000...
Tue Oct 15 2019 10:59:12 GMT+0800 (Singapore Standard Time) [VIDLY] info: Connected to mongodb://localhost/vidly_tests
Tue Oct 15 2019 10:59:16 GMT+0800 (Singapore Standard Time) [VIDLY] info: Listening on port 5000...
Tue Oct 15 2019 10:59:18 GMT+0800 (Singapore Standard Time) [VIDLY] info: Connected to mongodb://localhost/vidly_tests
Tue Oct 15 2019 10:59:23 GMT+0800 (Singapore Standard Time) [VIDLY] info: Listening on port 5000...
Tue Oct 15 2019 10:59:25 GMT+0800 (Singapore Standard Time) [VIDLY] info: Connected to mongodb://localhost/vidly_tests
Tue Oct 15 2019 10:59:39 GMT+0800 (Singapore Standard Time) [VIDLY] info: Listening on port 5000...
Tue Oct 15 2019 10:59:41 GMT+0800 (Singapore Standard Time) [VIDLY] info: Connected to mongodb://localhost/vidly_tests
Tue Oct 15 2019 10:59:44 GMT+0800 (Singapore Standard Time) [VIDLY] info: Listening on port 5000...
Tue Oct 15 2019 10:59:46 GMT+0800 (Singapore Standard Time) [VIDLY] info: Connected to mongodb://localhost/vidly_tests
Tue Oct 15 2019 10:59:51 GMT+0800 (Singapore Standard Time) [VIDLY] info: Listening on port 5000...
Tue Oct 15 2019 10:59:53 GMT+0800 (Singapore Standard Time) [VIDLY] info: Connected to mongodb://localhost/vidly_tests
Tue Oct 15 2019 11:00:13 GMT+0800 (Singapore Standard Time) [VIDLY] info: Listening on port 5000...
Tue Oct 15 2019 11:00:15 GMT+0800 (Singapore Standard Time) [VIDLY] info: Connected to mongodb://localhost/vidly_tests
Tue Oct 15 2019 11:00:18 GMT+0800 (Singapore Standard Time) [VIDLY] info: Listening on port 5000...
Tue Oct 15 2019 11:00:20 GMT+0800 (Singapore Standard Time) [VIDLY] info: Connected to mongodb://localhost/vidly_tests
Tue Oct 15 2019 11:00:25 GMT+0800 (Singapore Standard Time) [VIDLY] info: Listening on port 5000...
Tue Oct 15 2019 11:00:27 GMT+0800 (Singapore Standard Time) [VIDLY] info: Connected to mongodb://localhost/vidly_tests
Tue Oct 15 2019 11:04:55 GMT+0800 (Singapore Standard Time) [VIDLY] info: Listening on port 5000...
Tue Oct 15 2019 11:04:57 GMT+0800 (Singapore Standard Time) [VIDLY] info: Connected to mongodb://localhost/vidly_tests
Tue Oct 15 2019 11:05:02 GMT+0800 (Singapore Standard Time) [VIDLY] info: Listening on port 5000...
Tue Oct 15 2019 11:05:04 GMT+0800 (Singapore Standard Time) [VIDLY] info: Connected to mongodb://localhost/vidly_tests
Tue Oct 15 2019 11:05:09 GMT+0800 (Singapore Standard Time) [VIDLY] info: Listening on port 5000...
Tue Oct 15 2019 11:05:11 GMT+0800 (Singapore Standard Time) [VIDLY] info: Connected to mongodb://localhost/vidly_tests
Tue Oct 15 2019 11:06:08 GMT+0800 (Singapore Standard Time) [VIDLY] info: Listening on port 5000...
Tue Oct 15 2019 11:06:10 GMT+0800 (Singapore Standard Time) [VIDLY] info: Connected to mongodb://localhost/vidly_tests
Tue Oct 15 2019 11:06:14 GMT+0800 (Singapore Standard Time) [VIDLY] info: Listening on port 5000...
Tue Oct 15 2019 11:06:16 GMT+0800 (Singapore Standard Time) [VIDLY] info: Connected to mongodb://localhost/vidly_tests
Tue Oct 15 2019 11:06:23 GMT+0800 (Singapore Standard Time) [VIDLY] info: Listening on port 5000...
Tue Oct 15 2019 11:06:25 GMT+0800 (Singapore Standard Time) [VIDLY] info: Connected to mongodb://localhost/vidly_tests
Tue Oct 15 2019 11:07:04 GMT+0800 (Singapore Standard Time) [VIDLY] info: Listening on port 5000...
Tue Oct 15 2019 11:07:06 GMT+0800 (Singapore Standard Time) [VIDLY] info: Connected to mongodb://localhost/vidly_tests
Tue Oct 15 2019 11:07:08 GMT+0800 (Singapore Standard Time) [VIDLY] error: req is not defined
Tue Oct 15 2019 11:07:08 GMT+0800 (Singapore Standard Time) [VIDLY] error: req is not defined
Tue Oct 15 2019 11:07:08 GMT+0800 (Singapore Standard Time) [VIDLY] error: req is not defined
Tue Oct 15 2019 11:07:09 GMT+0800 (Singapore Standard Time) [VIDLY] error: req is not defined
Tue Oct 15 2019 11:07:09 GMT+0800 (Singapore Standard Time) [VIDLY] error: req is not defined
Tue Oct 15 2019 11:07:09 GMT+0800 (Singapore Standard Time) [VIDLY] error: req is not defined
Tue Oct 15 2019 11:07:09 GMT+0800 (Singapore Standard Time) [VIDLY] error: req is not defined
Tue Oct 15 2019 11:07:11 GMT+0800 (Singapore Standard Time) [VIDLY] info: Listening on port 5000...
Tue Oct 15 2019 11:07:14 GMT+0800 (Singapore Standard Time) [VIDLY] info: Connected to mongodb://localhost/vidly_tests
Tue Oct 15 2019 11:07:19 GMT+0800 (Singapore Standard Time) [VIDLY] info: Listening on port 5000...
Tue Oct 15 2019 11:07:22 GMT+0800 (Singapore Standard Time) [VIDLY] info: Connected to mongodb://localhost/vidly_tests
Tue Oct 15 2019 11:08:30 GMT+0800 (Singapore Standard Time) [VIDLY] info: Listening on port 5000...
Tue Oct 15 2019 11:08:32 GMT+0800 (Singapore Standard Time) [VIDLY] info: Connected to mongodb://localhost/vidly_tests
Tue Oct 15 2019 11:08:36 GMT+0800 (Singapore Standard Time) [VIDLY] info: Listening on port 5000...
Tue Oct 15 2019 11:08:38 GMT+0800 (Singapore Standard Time) [VIDLY] info: Connected to mongodb://localhost/vidly_tests
Tue Oct 15 2019 11:08:44 GMT+0800 (Singapore Standard Time) [VIDLY] info: Listening on port 5000...
Tue Oct 15 2019 11:08:46 GMT+0800 (Singapore Standard Time) [VIDLY] info: Connected to mongodb://localhost/vidly_tests
Tue Oct 15 2019 11:09:28 GMT+0800 (Singapore Standard Time) [VIDLY] info: Listening on port 5000...
Tue Oct 15 2019 11:09:30 GMT+0800 (Singapore Standard Time) [VIDLY] info: Connected to mongodb://localhost/vidly_tests
Tue Oct 15 2019 11:09:34 GMT+0800 (Singapore Standard Time) [VIDLY] info: Listening on port 5000...
Tue Oct 15 2019 11:09:36 GMT+0800 (Singapore Standard Time) [VIDLY] info: Connected to mongodb://localhost/vidly_tests
Tue Oct 15 2019 11:09:39 GMT+0800 (Singapore Standard Time) [VIDLY] info: Listening on port 5000...
Tue Oct 15 2019 11:09:41 GMT+0800 (Singapore Standard Time) [VIDLY] info: Connected to mongodb://localhost/vidly_tests
Tue Oct 15 2019 11:11:19 GMT+0800 (Singapore Standard Time) [VIDLY] info: Listening on port 5000...
Tue Oct 15 2019 11:11:21 GMT+0800 (Singapore Standard Time) [VIDLY] info: Connected to mongodb://localhost/vidly_tests
Tue Oct 15 2019 11:11:25 GMT+0800 (Singapore Standard Time) [VIDLY] info: Listening on port 5000...
Tue Oct 15 2019 11:11:27 GMT+0800 (Singapore Standard Time) [VIDLY] info: Connected to mongodb://localhost/vidly_tests
Tue Oct 15 2019 11:11:31 GMT+0800 (Singapore Standard Time) [VIDLY] info: Listening on port 5000...
Tue Oct 15 2019 11:11:33 GMT+0800 (Singapore Standard Time) [VIDLY] info: Connected to mongodb://localhost/vidly_tests
Tue Oct 15 2019 11:11:42 GMT+0800 (Singapore Standard Time) [VIDLY] info: Listening on port 5000...
Tue Oct 15 2019 11:11:44 GMT+0800 (Singapore Standard Time) [VIDLY] info: Connected to mongodb://localhost/vidly_tests
Tue Oct 15 2019 11:11:47 GMT+0800 (Singapore Standard Time) [VIDLY] error: moment is not defined
Tue Oct 15 2019 11:11:47 GMT+0800 (Singapore Standard Time) [VIDLY] error: moment is not defined
Tue Oct 15 2019 11:11:47 GMT+0800 (Singapore Standard Time) [VIDLY] error: moment is not defined
Tue Oct 15 2019 11:11:47 GMT+0800 (Singapore Standard Time) [VIDLY] error: moment is not defined
Tue Oct 15 2019 11:11:47 GMT+0800 (Singapore Standard Time) [VIDLY] error: moment is not defined
Tue Oct 15 2019 11:11:49 GMT+0800 (Singapore Standard Time) [VIDLY] info: Listening on port 5000...
Tue Oct 15 2019 11:11:51 GMT+0800 (Singapore Standard Time) [VIDLY] info: Connected to mongodb://localhost/vidly_tests
Tue Oct 15 2019 11:11:58 GMT+0800 (Singapore Standard Time) [VIDLY] info: Listening on port 5000...
Tue Oct 15 2019 11:12:01 GMT+0800 (Singapore Standard Time) [VIDLY] info: Connected to mongodb://localhost/vidly_tests
Tue Oct 15 2019 11:12:13 GMT+0800 (Singapore Standard Time) [VIDLY] info: Listening on port 5000...
Tue Oct 15 2019 11:12:16 GMT+0800 (Singapore Standard Time) [VIDLY] info: Connected to mongodb://localhost/vidly_tests
Tue Oct 15 2019 11:12:19 GMT+0800 (Singapore Standard Time) [VIDLY] info: Listening on port 5000...
Tue Oct 15 2019 11:12:21 GMT+0800 (Singapore Standard Time) [VIDLY] info: Connected to mongodb://localhost/vidly_tests
Tue Oct 15 2019 11:12:26 GMT+0800 (Singapore Standard Time) [VIDLY] info: Listening on port 5000...
Tue Oct 15 2019 11:12:28 GMT+0800 (Singapore Standard Time) [VIDLY] info: Connected to mongodb://localhost/vidly_tests
Tue Oct 15 2019 11:12:46 GMT+0800 (Singapore Standard Time) [VIDLY] info: Listening on port 5000...
Tue Oct 15 2019 11:12:48 GMT+0800 (Singapore Standard Time) [VIDLY] info: Connected to mongodb://localhost/vidly_tests
Tue Oct 15 2019 11:12:52 GMT+0800 (Singapore Standard Time) [VIDLY] info: Listening on port 5000...
Tue Oct 15 2019 11:12:54 GMT+0800 (Singapore Standard Time) [VIDLY] info: Connected to mongodb://localhost/vidly_tests
Tue Oct 15 2019 11:12:58 GMT+0800 (Singapore Standard Time) [VIDLY] info: Listening on port 5000...
Tue Oct 15 2019 11:13:00 GMT+0800 (Singapore Standard Time) [VIDLY] info: Connected to mongodb://localhost/vidly_tests
